2025-03-25 02:17:22  INFO     [main.py -> update_solution_logs]: Focused test method changed from None to test_columns. Pass Rate changed from None to 2/5
2025-03-25 02:17:22  INFO     [main.py -> get_solutions]: 
==================================================
Start Debugging on Task BigCodeBench/1030
==================================================
2025-03-25 02:17:22  INFO     [main.py -> get_solutions]: 
--------------------------------------------------
Start Debugging on Task BigCodeBench/1030 Solution 0@Step0:
import itertools
import string
import pandas as pd
def task_func():

    pass
import itertools
import string
import pandas as pd
def task_func():
    alphabet = string.ascii_lowercase
    combinations = [''.join(comb) for comb in itertools.product(alphabet, repeat=3)]
    df = pd.DataFrame(combinations, columns=['Combination'])
    return df
Status: error
Details: {'test_columns': {'stat': 'fail', 'exception_type': "AssertionError: Lists differ: ['Combination'] != ['Letter 1', 'Letter 2', 'Letter 3']\n\nFirst differing element 0:\n'Combination'\n'Letter 1'\n\nSecond list contains 2 additional elements.\nFirst extra element 1:\n'Letter 2'\n\n- ['Combination']\n+ ['Letter 1', 'Letter 2', 'Letter 3'] : Column names are not correct.", 'traceback_frame': [{'filename': '__test__.py', 'lineno': 38, 'funcname': 'test_columns', 'codeline': '        self.assertEqual('}], 'traceback_str': 'Traceback (most recent call last):\n  File "__test__.py", line 38, in test_columns\nAssertionError: Lists differ: [\'Combination\'] != [\'Letter 1\', \'Letter 2\', \'Letter 3\']\n\nFirst differing element 0:\n\'Combination\'\n\'Letter 1\'\n\nSecond list contains 2 additional elements.\nFirst extra element 1:\n\'Letter 2\'\n\n- [\'Combination\']\n+ [\'Letter 1\', \'Letter 2\', \'Letter 3\'] : Column names are not correct.\n'}, 'test_shape': {'stat': 'fail', 'exception_type': 'AssertionError: Tuples differ: (17576, 1) != (17576, 3)\n\nFirst differing element 1:\n1\n3\n\n- (17576, 1)\n?         ^\n\n+ (17576, 3)\n?         ^\n : Shape of the DataFrame is not correct.', 'traceback_frame': [{'filename': '__test__.py', 'lineno': 48, 'funcname': 'test_shape', 'codeline': '        self.assertEqual('}], 'traceback_str': 'Traceback (most recent call last):\n  File "__test__.py", line 48, in test_shape\nAssertionError: Tuples differ: (17576, 1) != (17576, 3)\n\nFirst differing element 1:\n1\n3\n\n- (17576, 1)\n?         ^\n\n+ (17576, 3)\n?         ^\n : Shape of the DataFrame is not correct.\n'}, 'test_combinations': {'stat': 'error', 'exception_type': 'TimeoutException: Timed out!', 'traceback_frame': [{'filename': '__test__.py', 'lineno': 28, 'funcname': 'test_combinations', 'codeline': '        self.assertEqual('}], 'traceback_str': 'Traceback (most recent call last):\n  File "__test__.py", line 28, in test_combinations\n  File "/home/mambaforge/lib/python3.10/unittest/case.py", line 845, in assertEqual\n    assertion_func(first, second, msg=msg)\n  File "/home/mambaforge/lib/python3.10/unittest/case.py", line 1051, in assertListEqual\n    self.assertSequenceEqual(list1, list2, msg, seq_type=list)\n  File "/home/mambaforge/lib/python3.10/unittest/case.py", line 1027, in assertSequenceEqual\n    diffMsg = \'\\n\' + \'\\n\'.join(\n  File "/home/mambaforge/lib/python3.10/difflib.py", line 872, in compare\n    yield from g\n  File "/home/mambaforge/lib/python3.10/difflib.py", line 938, in _fancy_replace\n    cruncher.quick_ratio() > best_ratio and \\\n  File "/home/mambaforge/lib/python3.10/difflib.py", line -1, in quick_ratio\n  File "/home/wyk/bigcodebench/bigcodebench/eval/utils.py", line 84, in signal_handler\n    raise TimeoutException("Timed out!")\nbigcodebench.eval.utils.TimeoutException: Timed out!\n'}}
--------------------------------------------------
2025-03-25 02:19:26  INFO     [main.py -> get_solutions]: Debugging Trace on Solution 0 took 10 steps: # Debugging Log

Authored by Linus Torvalds.

I use the _scientific method_ to debug the problem below (as written by Zeller, 2009) by describing the hypothesis/prediction/experiment/observation/conclusion. This can be done by:

Hypothesis: An explanation for the buggy behavior behavior. Hypotheses are the key aspect of the approach, and should be detailed and written with care. Hypotheses should build upon all previous information; repeating previous hypotheses is thus strongly discouraged. Some examples are provided below.

 - Example hypothesis 1: "Given that [information], the method is [overall erroneous behavior]. Specifically, I think it is because `c>b` on line 4321 of method `foo` is intended to [desired behavior], but is [erroneous behavior]."
 - Example hypothesis 2: "The previous hypothesis was rejected. we now know `c>b` on line 4321 of the method `foo` is likely not the culprit. Looking elsewhere, perhaps `x.append(y)` on line 4323 of `foo` should do [desired behavior], but is doing [erroneous behavior]."
 - Example hypothesis 3: "The previous hypothesis was supported. I think changing the code by changing `c>b` to `c>b && a <= d` may fix the code."
 - Example hypothesis 4: "The previous experiment ended in an error. We may need to try a different experiment. Perhaps the experiment can be refined by inspecting the value of [expression] at line [line]."

Prediction: A specific value or symptom that would be observed if the hypothesis is correct. Depending on the hypothesis, one may make the prediction that a test will pass. Make specific considerations for expressions within loops.

 - Example 1: If I use the debugger to print [expr], while given the input and its intended role indicates that its value should be [desired value], it will be [erroneous value]; that is, when I stop the debugger at line lineno, `[expr] == [actual_value]` will be true.
 - Example 2: If I change [expr] to [new_expr], the test will pass.

Experiment: A specific one-line script within `...` that would check whether the prediction made is true. Make sure the line points to an actual statement (not a bracket).

 - Example 1 (pdb script): `b debugging.py:lineno ;; c ;; p x != v`
 - Example 2 (edit script): `REPLACE(4321, "c>b", "c>b && a <= d") AND RUN`

Observation: The output of the script. Example: `False`

Conclusion: A judgement whether the hypothesis is true based on the observation. Also add <DEBUGGING DONE> when the hypothesis confirmed leads to a concrete program fix. 
 - Example: The hypothesis is (supported/rejected/undecided due to experiment error). [When a test passed, add <DEBUGGING DONE>.]

## Description

I have the following python function and test (at /data/wyk/autosd/arhe/bigcodebench5/1030/solution_v0_s0_o0.py)

```python
1 import itertools
2 import string
3 import pandas as pd
4 def task_func():
5 
6     pass
7 import itertools
8 import string
9 import pandas as pd
10 def task_func():
11     alphabet = string.ascii_lowercase
12     combinations = [''.join(comb) for comb in itertools.product(alphabet, repeat=3)]
13     df = pd.DataFrame(combinations, columns=['Combination'])
14     return df
15 import unittest
16 import pandas as pd
17 from itertools import product
18 import string
19 class TestCases(unittest.TestCase):
20     """Tests for the function task_func."""
21     def test_combinations(self):
22         """
23         Test if the function generates the correct combinations with replacement.
24         """
25         correct_combinations = list(product(string.ascii_lowercase, repeat=3))
26         result_df = task_func()
27         result_combinations = [tuple(row) for row in result_df.values]
28         self.assertEqual(
29             result_combinations,
30             correct_combinations,
31             "The combinations are not correct.",
32         )
33     def test_columns(self):
34         """
35         Test if the DataFrame has the correct column names.
36         """
37         result_df = task_func()
38         self.assertEqual(
39             list(result_df.columns),
40             ["Letter 1", "Letter 2", "Letter 3"],
41             "Column names are not correct.",
42         )
43     def test_shape(self):
44         """
45         Test if the shape of the DataFrame is correct.
46         """
47         result_df = task_func()
48         self.assertEqual(
49             result_df.shape,
50             (26**3, 3),
51             "Shape of the DataFrame is not correct.",
52         )
53     def test_data_type(self):
54         """
55         Test if all DataFrame columns contain strings.
56         """
57         result_df = task_func()
58         for col in result_df.columns:
59             self.assertTrue(
60                 result_df[col].apply(lambda x: isinstance(x, str)).all(),
61                 f"Column {col} does not contain all strings.",
62             )
63     def test_no_duplicates(self):
64         """
65         Test if there are no duplicate combinations in the DataFrame.
66         """
67         result_df = task_func()
68         result_combinations = [tuple(row) for row in result_df.values]
69         self.assertEqual(
70             len(result_combinations),
71             len(set(result_combinations)),
72             "Found duplicate combinations.",
73         )
74 testcases = TestCases()
75 testcases.test_columns()
```

which fails with the error message
```
Traceback (most recent call last):
  File "/data/wyk/autosd/arhe/bigcodebench5/1030/solution_v0_s0_o0.py", line 75, in <module>
    testcases.test_columns()
  File "/data/wyk/autosd/arhe/bigcodebench5/1030/solution_v0_s0_o0.py", line 38, in test_columns
    self.assertEqual(
  File "/data/wyk/.conda/envs/bigcodebench/lib/python3.10/unittest/case.py", line 845, in assertEqual
    assertion_func(first, second, msg=msg)
  File "/data/wyk/.conda/envs/bigcodebench/lib/python3.10/unittest/case.py", line 1051, in assertListEqual
    self.assertSequenceEqual(list1, list2, msg, seq_type=list)
  File "/data/wyk/.conda/envs/bigcodebench/lib/python3.10/unittest/case.py", line 1033, in assertSequenceEqual
    self.fail(msg)
  File "/data/wyk/.conda/envs/bigcodebench/lib/python3.10/unittest/case.py", line 675, in fail
    raise self.failureException(msg)
AssertionError: Lists differ: ['Combination'] != ['Letter 1', 'Letter 2', 'Letter 3']

First differing element 0:
'Combination'
'Letter 1'

Second list contains 2 additional elements.
First extra element 1:
'Letter 2'

- ['Combination']
+ ['Letter 1', 'Letter 2', 'Letter 3'] : Column names are not correct.
```

## Analysis

Using the scientific method, I debugged the issue as follows.

The repaired code (full method, without comments) is:

```python
defimport pandas as pd
import string
import itertools
```python
def task_func():
    alphabet = string.ascii_lowercase
    combinations = [''.join(comb) for comb in itertools.product(alphabet, repeat=3)]
    df = pd.DataFrame(combinations, columns=['Letter 1', 'Letter 2', 'Letter 3'])
    return df
```

2025-03-25 02:19:27  INFO     [main.py -> get_solutions]: Proposed Solution: 
def task_func():
    alphabet = string.ascii_lowercase
    combinations = [''.join(comb) for comb in itertools.product(alphabet, repeat=3)]
    df = pd.DataFrame(combinations, columns=['Letter 1', 'Letter 2', 'Letter 3'])
    return df

Status: error
Details: {'test_columns': {'stat': 'error', 'exception_type': "NameError: name 'itertools' is not defined", 'traceback_frame': [{'filename': '__test__.py', 'lineno': 30, 'funcname': 'test_columns', 'codeline': '        result_df = task_func()'}, {'filename': '__test__.py', 'lineno': 4, 'funcname': 'task_func', 'codeline': "    combinations = [''.join(comb) for comb in itertools.product(alphabet, repeat=3)]"}], 'stdout_logs': '', 'traceback_str': 'Traceback (most recent call last):\n  File "__test__.py", line 30, in test_columns\n  File "__test__.py", line 4, in task_func\nNameError: name \'itertools\' is not defined\n'}, 'test_combinations': {'stat': 'error', 'exception_type': "NameError: name 'itertools' is not defined", 'traceback_frame': [{'filename': '__test__.py', 'lineno': 19, 'funcname': 'test_combinations', 'codeline': '        result_df = task_func()'}, {'filename': '__test__.py', 'lineno': 4, 'funcname': 'task_func', 'codeline': "    combinations = [''.join(comb) for comb in itertools.product(alphabet, repeat=3)]"}], 'stdout_logs': '', 'traceback_str': 'Traceback (most recent call last):\n  File "__test__.py", line 19, in test_combinations\n  File "__test__.py", line 4, in task_func\nNameError: name \'itertools\' is not defined\n'}, 'test_data_type': {'stat': 'error', 'exception_type': "NameError: name 'itertools' is not defined", 'traceback_frame': [{'filename': '__test__.py', 'lineno': 50, 'funcname': 'test_data_type', 'codeline': '        result_df = task_func()'}, {'filename': '__test__.py', 'lineno': 4, 'funcname': 'task_func', 'codeline': "    combinations = [''.join(comb) for comb in itertools.product(alphabet, repeat=3)]"}], 'stdout_logs': '', 'traceback_str': 'Traceback (most recent call last):\n  File "__test__.py", line 50, in test_data_type\n  File "__test__.py", line 4, in task_func\nNameError: name \'itertools\' is not defined\n'}, 'test_no_duplicates': {'stat': 'error', 'exception_type': "NameError: name 'itertools' is not defined", 'traceback_frame': [{'filename': '__test__.py', 'lineno': 60, 'funcname': 'test_no_duplicates', 'codeline': '        result_df = task_func()'}, {'filename': '__test__.py', 'lineno': 4, 'funcname': 'task_func', 'codeline': "    combinations = [''.join(comb) for comb in itertools.product(alphabet, repeat=3)]"}], 'stdout_logs': '', 'traceback_str': 'Traceback (most recent call last):\n  File "__test__.py", line 60, in test_no_duplicates\n  File "__test__.py", line 4, in task_func\nNameError: name \'itertools\' is not defined\n'}, 'test_shape': {'stat': 'error', 'exception_type': "NameError: name 'itertools' is not defined", 'traceback_frame': [{'filename': '__test__.py', 'lineno': 40, 'funcname': 'test_shape', 'codeline': '        result_df = task_func()'}, {'filename': '__test__.py', 'lineno': 4, 'funcname': 'task_func', 'codeline': "    combinations = [''.join(comb) for comb in itertools.product(alphabet, repeat=3)]"}], 'stdout_logs': '', 'traceback_str': 'Traceback (most recent call last):\n  File "__test__.py", line 40, in test_shape\n  File "__test__.py", line 4, in task_func\nNameError: name \'itertools\' is not defined\n'}}
2025-03-25 02:19:27  INFO     [main.py -> get_solutions]: Debugging on Solution 1 consumped step=10, input tokens=101568, output tokens=4261, model calls=28
2025-03-25 02:19:27  INFO     [main.py -> get_solutions]: Finished on task BigCodeBench/1030. halted: True, status: error. Final solution:

def task_func():
    alphabet = string.ascii_lowercase
    combinations = [''.join(comb) for comb in itertools.product(alphabet, repeat=3)]
    df = pd.DataFrame(combinations, columns=['Letter 1', 'Letter 2', 'Letter 3'])
    return df

2025-03-25 02:19:27  INFO     [main.py -> get_solutions]: ==================================================Task BigCodeBench/1030 Total comuptation consumption:
input tokens=101568, output tokens=4261, model calls=28
