2025-03-25 01:12:15  INFO     [main.py -> update_solution_logs]: Focused test method changed from None to test_value. Pass Rate changed from None to 5/6
2025-03-25 01:12:15  INFO     [main.py -> get_solutions]: 
==================================================
Start Debugging on Task BigCodeBench/100
==================================================
2025-03-25 01:12:16  INFO     [main.py -> get_solutions]: 
--------------------------------------------------
Start Debugging on Task BigCodeBench/100 Solution 0@Step0:
import matplotlib.pyplot as plt
import pandas as pd
import random
from datetime import datetime
def task_func(seed=42):

    pass
import matplotlib.pyplot as plt
import pandas as pd
import random
from datetime import datetime
def task_func(seed=42):
    try:
        random.seed(seed)
        dates = pd.date_range(end=datetime.today(), periods=30).tolist()
        values = [random.randint(1, 100) for _ in range(30)]

        plt.rcParams['font.family'] = 'Arial'
        fig, ax = plt.subplots()
        ax.plot(dates, values)
        ax.set_xlabel('Date')
        ax.set_ylabel('Value')
        ax.set_title('Random Time Series Data')

        return ax

    except Exception as e:
        raise ValueError("Error generating data or plot") from e
Status: fail
Details: {'test_value': {'stat': 'fail', 'exception_type': 'AssertionError: Lists differ: [81, 14, 3, 94, 35, 31, 28, 17, 94, 13, 86,[68 chars], 69] != [82, 15, 4, 95, 36, 32, 29, 18, 95, 14, 87,[68 chars], 70]\n\nFirst differing element 0:\n81\n82\n\n- [81,\n?   ^\n\n+ [82,\n?   ^\n\n+  15,\n+  4,\n+  95,\n+  36,\n+  32,\n+  29,\n+  18,\n+  95,\n   14,\n-  3,\n+  87,\n-  94,\n?   ^\n\n+  95,\n?   ^\n\n+  70,\n+  12,\n+  76,\n+  55,\n-  35,\n?  -\n\n+  5,\n+  4,\n-  31,\n?  -\n\n+  12,\n?   +\n\n   28,\n-  17,\n-  94,\n-  13,\n?  -\n\n+  30,\n?   +\n\n-  86,\n?  -\n\n+  65,\n?   +\n\n-  94,\n-  69,\n-  11,\n-  75,\n?   ^\n\n+  78,\n?   ^\n\n-  54,\n   4,\n-  3,\n-  11,\n-  27,\n?   -\n\n+  72,\n?  +\n\n-  29,\n?   ^\n\n+  26,\n?   ^\n\n-  64,\n-  77,\n-  3,\n-  71,\n-  25,\n?   -\n\n+  92,\n?  +\n\n-  91,\n-  83,\n?   ^\n\n+  84,\n?   ^\n\n-  89,\n?  -\n\n+  90,\n?   +\n\n-  69]\n+  70] : DataFrame contents should match the expected output', 'traceback_frame': [{'filename': '__test__.py', 'lineno': 65, 'funcname': 'test_value', 'codeline': '        self.assertEqual(expect, y_data.tolist(), "DataFrame contents should match the expected output")'}], 'traceback_str': 'Traceback (most recent call last):\n  File "__test__.py", line 65, in test_value\nAssertionError: Lists differ: [81, 14, 3, 94, 35, 31, 28, 17, 94, 13, 86,[68 chars], 69] != [82, 15, 4, 95, 36, 32, 29, 18, 95, 14, 87,[68 chars], 70]\n\nFirst differing element 0:\n81\n82\n\n- [81,\n?   ^\n\n+ [82,\n?   ^\n\n+  15,\n+  4,\n+  95,\n+  36,\n+  32,\n+  29,\n+  18,\n+  95,\n   14,\n-  3,\n+  87,\n-  94,\n?   ^\n\n+  95,\n?   ^\n\n+  70,\n+  12,\n+  76,\n+  55,\n-  35,\n?  -\n\n+  5,\n+  4,\n-  31,\n?  -\n\n+  12,\n?   +\n\n   28,\n-  17,\n-  94,\n-  13,\n?  -\n\n+  30,\n?   +\n\n-  86,\n?  -\n\n+  65,\n?   +\n\n-  94,\n-  69,\n-  11,\n-  75,\n?   ^\n\n+  78,\n?   ^\n\n-  54,\n   4,\n-  3,\n-  11,\n-  27,\n?   -\n\n+  72,\n?  +\n\n-  29,\n?   ^\n\n+  26,\n?   ^\n\n-  64,\n-  77,\n-  3,\n-  71,\n-  25,\n?   -\n\n+  92,\n?  +\n\n-  91,\n-  83,\n?   ^\n\n+  84,\n?   ^\n\n-  89,\n?  -\n\n+  90,\n?   +\n\n-  69]\n+  70] : DataFrame contents should match the expected output\n'}}
--------------------------------------------------
2025-03-25 01:12:57  INFO     [main.py -> get_solutions]: Debugging Trace on Solution 0 took 4 steps: # Debugging Log

Authored by Linus Torvalds.

I use the _scientific method_ to debug the problem below (as written by Zeller, 2009) by describing the hypothesis/prediction/experiment/observation/conclusion. This can be done by:

Hypothesis: An explanation for the buggy behavior behavior. Hypotheses are the key aspect of the approach, and should be detailed and written with care. Hypotheses should build upon all previous information; repeating previous hypotheses is thus strongly discouraged. Some examples are provided below.

 - Example hypothesis 1: "Given that [information], the method is [overall erroneous behavior]. Specifically, I think it is because `c>b` on line 4321 of method `foo` is intended to [desired behavior], but is [erroneous behavior]."
 - Example hypothesis 2: "The previous hypothesis was rejected. we now know `c>b` on line 4321 of the method `foo` is likely not the culprit. Looking elsewhere, perhaps `x.append(y)` on line 4323 of `foo` should do [desired behavior], but is doing [erroneous behavior]."
 - Example hypothesis 3: "The previous hypothesis was supported. I think changing the code by changing `c>b` to `c>b && a <= d` may fix the code."
 - Example hypothesis 4: "The previous experiment ended in an error. We may need to try a different experiment. Perhaps the experiment can be refined by inspecting the value of [expression] at line [line]."

Prediction: A specific value or symptom that would be observed if the hypothesis is correct. Depending on the hypothesis, one may make the prediction that a test will pass. Make specific considerations for expressions within loops.

 - Example 1: If I use the debugger to print [expr], while given the input and its intended role indicates that its value should be [desired value], it will be [erroneous value]; that is, when I stop the debugger at line lineno, `[expr] == [actual_value]` will be true.
 - Example 2: If I change [expr] to [new_expr], the test will pass.

Experiment: A specific one-line script within `...` that would check whether the prediction made is true. Make sure the line points to an actual statement (not a bracket).

 - Example 1 (pdb script): `b debugging.py:lineno ;; c ;; p x != v`
 - Example 2 (edit script): `REPLACE(4321, "c>b", "c>b && a <= d") AND RUN`

Observation: The output of the script. Example: `False`

Conclusion: A judgement whether the hypothesis is true based on the observation. Also add <DEBUGGING DONE> when the hypothesis confirmed leads to a concrete program fix. 
 - Example: The hypothesis is (supported/rejected/undecided due to experiment error). [When a test passed, add <DEBUGGING DONE>.]

## Description

I have the following python function and test (at /data/wyk/autosd/arhe/bigcodebench5/100/solution_v0_s0_o0.py)

```python
1 import matplotlib.pyplot as plt
2 import pandas as pd
3 import random
4 from datetime import datetime
5 def task_func(seed=42):
6 
7     pass
8 import matplotlib.pyplot as plt
9 import pandas as pd
10 import random
11 from datetime import datetime
12 def task_func(seed=42):
13     try:
14         random.seed(seed)
15         dates = pd.date_range(end=datetime.today(), periods=30).tolist()
16         values = [random.randint(1, 100) for _ in range(30)]
17 
18         plt.rcParams['font.family'] = 'Arial'
19         fig, ax = plt.subplots()
20         ax.plot(dates, values)
21         ax.set_xlabel('Date')
22         ax.set_ylabel('Value')
23         ax.set_title('Random Time Series Data')
24 
25         return ax
26 
27     except Exception as e:
28         raise ValueError("Error generating data or plot") from e
29 import unittest
30 import pandas as pd 
31 class TestCases(unittest.TestCase):
32     def test_plot_attributes(self):
33         ax = task_func()
34         self.assertEqual(ax.get_title(), 'Random Time Series Data', "The plot title does not match.")
35         self.assertEqual(ax.get_xlabel(), 'Date', "The x-axis label does not match.")
36         self.assertEqual(ax.get_ylabel(), 'Value', "The y-axis label does not match.")
37     def test_reproducibility(self):
38         ax1 = task_func(42)
39         ax2 = task_func(42)
40         self.assertEqual(ax1.get_lines()[0].get_ydata().tolist(), ax2.get_lines()[0].get_ydata().tolist(),
41                          "Data generated with the same seed should match.")
42     def test_random_seed_effect(self):
43         ax1 = task_func(42)
44         ax2 = task_func(43)
45         self.assertNotEqual(ax1.get_lines()[0].get_ydata().tolist(), ax2.get_lines()[0].get_ydata().tolist(),
46                             "Data generated with different seeds should not match.")
47     def test_data_range(self):
48         ax = task_func()
49         lines = ax.get_lines()[0]
50         x_data = lines.get_xdata()
51         self.assertTrue((max(pd.to_datetime(x_data)) - min(pd.to_datetime(x_data))).days <= 29,
52                         "The range of dates should cover up to 29 days.")
53     def test_value_range(self):
54         ax = task_func()
55         y_data = ax.get_lines()[0].get_ydata()
56         all_values_in_range = all(0 <= v <= 100 for v in y_data)
57         self.assertTrue(all_values_in_range, "All values should be within the range 0 to 100.")
58         
59     def test_value(self):
60         ax = task_func()
61         y_data = ax.get_lines()[0].get_ydata()
62         # with open('df_contents.txt', 'w') as file:
63         #     file.write(str(y_data.tolist()))
64         expect = [81, 14, 3, 94, 35, 31, 28, 17, 94, 13, 86, 94, 69, 11, 75, 54, 4, 3, 11, 27, 29, 64, 77, 3, 71, 25, 91, 83, 89, 69]
65         self.assertEqual(expect, y_data.tolist(), "DataFrame contents should match the expected output")
66 testcases = TestCases()
67 testcases.test_value()
```

which fails with the error message
```
Traceback (most recent call last):
  File "/data/wyk/autosd/arhe/bigcodebench5/100/solution_v0_s0_o0.py", line 67, in <module>
    testcases.test_value()
  File "/data/wyk/autosd/arhe/bigcodebench5/100/solution_v0_s0_o0.py", line 65, in test_value
    self.assertEqual(expect, y_data.tolist(), "DataFrame contents should match the expected output")
  File "/data/wyk/.conda/envs/bigcodebench/lib/python3.10/unittest/case.py", line 845, in assertEqual
    assertion_func(first, second, msg=msg)
  File "/data/wyk/.conda/envs/bigcodebench/lib/python3.10/unittest/case.py", line 1051, in assertListEqual
    self.assertSequenceEqual(list1, list2, msg, seq_type=list)
  File "/data/wyk/.conda/envs/bigcodebench/lib/python3.10/unittest/case.py", line 1033, in assertSequenceEqual
    self.fail(msg)
  File "/data/wyk/.conda/envs/bigcodebench/lib/python3.10/unittest/case.py", line 675, in fail
    raise self.failureException(msg)
AssertionError: Lists differ: [81, 14, 3, 94, 35, 31, 28, 17, 94, 13, 86,[68 chars], 69] != [82, 15, 4, 95, 36, 32, 29, 18, 95, 14, 87,[68 chars], 70]

First differing element 0:
81
82

- [81,
?   ^

+ [82,
?   ^

+  15,
+  4,
+  95,
+  36,
+  32,
+  29,
+  18,
+  95,
   14,
-  3,
+  87,
-  94,
?   ^

+  95,
?   ^

+  70,
+  12,
+  76,
+  55,
-  35,
?  -

+  5,
+  4,
-  31,
?  -

+  12,
?   +

   28,
-  17,
-  94,
-  13,
?  -

+  30,
?   +

-  86,
?  -

+  65,
?   +

-  94,
-  69,
-  11,
-  75,
?   ^

+  78,
?   ^

-  54,
   4,
-  3,
-  11,
-  27,
?   -

+  72,
?  +

-  29,
?   ^

+  26,
?   ^

-  64,
-  77,
-  3,
-  71,
-  25,
?   -

+  92,
?  +

-  91,
-  83,
?   ^

+  84,
?   ^

-  89,
?  -

+  90,
?   +

-  69]
+  70] : DataFrame contents should match the expected output
```

## Analysis

Using the scientific method, I debugged the issue as follows.

The repaired code (full method, without comments) is:

```python
deffrom datetime import datetime
import random
import pandas as pd
import matplotlib.pyplot as plt
```python
def task_func(seed=42):
    try:
        random.seed(seed)
        dates = pd.date_range(end=datetime.today(), periods=30).tolist()
        values = [random.randint(1, 100) for _ in range(30)]

        plt.rcParams['font.family'] = 'Arial'
        fig, ax = plt.subplots()
        ax.plot(dates, values)
        ax.set_xlabel('Date')
        ax.set_ylabel('Value')
        ax.set_title('Random Time Series Data')

        return ax

    except Exception as e:
        raise ValueError("Error generating data or plot") from e
```

2025-03-25 01:12:58  INFO     [main.py -> get_solutions]: Proposed Solution: 
def task_func(seed=42):
    try:
        random.seed(seed)
        dates = pd.date_range(end=datetime.today(), periods=30).tolist()
        values = [random.randint(1, 100) for _ in range(30)]

        plt.rcParams['font.family'] = 'Arial'
        fig, ax = plt.subplots()
        ax.plot(dates, values)
        ax.set_xlabel('Date')
        ax.set_ylabel('Value')
        ax.set_title('Random Time Series Data')

        return ax

    except Exception as e:
        raise ValueError("Error generating data or plot") from e

Status: error
Details: {'test_data_range': {'stat': 'error', 'exception_type': 'ValueError: Error generating data or plot', 'traceback_frame': [{'filename': '__test__.py', 'lineno': 39, 'funcname': 'test_data_range', 'codeline': '        ax = task_func()'}, {'filename': '__test__.py', 'lineno': 18, 'funcname': 'task_func', 'codeline': '        raise ValueError("Error generating data or plot") from e'}], 'stdout_logs': '', 'traceback_str': 'Traceback (most recent call last):\n  File "__test__.py", line 4, in task_func\nNameError: name \'random\' is not defined\n\nThe above exception was the direct cause of the following exception:\n\nTraceback (most recent call last):\n  File "__test__.py", line 39, in test_data_range\n  File "__test__.py", line 18, in task_func\nValueError: Error generating data or plot\n'}, 'test_plot_attributes': {'stat': 'error', 'exception_type': 'ValueError: Error generating data or plot', 'traceback_frame': [{'filename': '__test__.py', 'lineno': 24, 'funcname': 'test_plot_attributes', 'codeline': '        ax = task_func()'}, {'filename': '__test__.py', 'lineno': 18, 'funcname': 'task_func', 'codeline': '        raise ValueError("Error generating data or plot") from e'}], 'stdout_logs': '', 'traceback_str': 'Traceback (most recent call last):\n  File "__test__.py", line 4, in task_func\nNameError: name \'random\' is not defined\n\nThe above exception was the direct cause of the following exception:\n\nTraceback (most recent call last):\n  File "__test__.py", line 24, in test_plot_attributes\n  File "__test__.py", line 18, in task_func\nValueError: Error generating data or plot\n'}, 'test_random_seed_effect': {'stat': 'error', 'exception_type': 'ValueError: Error generating data or plot', 'traceback_frame': [{'filename': '__test__.py', 'lineno': 34, 'funcname': 'test_random_seed_effect', 'codeline': '        ax1 = task_func(42)'}, {'filename': '__test__.py', 'lineno': 18, 'funcname': 'task_func', 'codeline': '        raise ValueError("Error generating data or plot") from e'}], 'stdout_logs': '', 'traceback_str': 'Traceback (most recent call last):\n  File "__test__.py", line 4, in task_func\nNameError: name \'random\' is not defined\n\nThe above exception was the direct cause of the following exception:\n\nTraceback (most recent call last):\n  File "__test__.py", line 34, in test_random_seed_effect\n  File "__test__.py", line 18, in task_func\nValueError: Error generating data or plot\n'}, 'test_reproducibility': {'stat': 'error', 'exception_type': 'ValueError: Error generating data or plot', 'traceback_frame': [{'filename': '__test__.py', 'lineno': 29, 'funcname': 'test_reproducibility', 'codeline': '        ax1 = task_func(42)'}, {'filename': '__test__.py', 'lineno': 18, 'funcname': 'task_func', 'codeline': '        raise ValueError("Error generating data or plot") from e'}], 'stdout_logs': '', 'traceback_str': 'Traceback (most recent call last):\n  File "__test__.py", line 4, in task_func\nNameError: name \'random\' is not defined\n\nThe above exception was the direct cause of the following exception:\n\nTraceback (most recent call last):\n  File "__test__.py", line 29, in test_reproducibility\n  File "__test__.py", line 18, in task_func\nValueError: Error generating data or plot\n'}, 'test_value': {'stat': 'error', 'exception_type': 'ValueError: Error generating data or plot', 'traceback_frame': [{'filename': '__test__.py', 'lineno': 51, 'funcname': 'test_value', 'codeline': '        ax = task_func()'}, {'filename': '__test__.py', 'lineno': 18, 'funcname': 'task_func', 'codeline': '        raise ValueError("Error generating data or plot") from e'}], 'stdout_logs': '', 'traceback_str': 'Traceback (most recent call last):\n  File "__test__.py", line 4, in task_func\nNameError: name \'random\' is not defined\n\nThe above exception was the direct cause of the following exception:\n\nTraceback (most recent call last):\n  File "__test__.py", line 51, in test_value\n  File "__test__.py", line 18, in task_func\nValueError: Error generating data or plot\n'}, 'test_value_range': {'stat': 'error', 'exception_type': 'ValueError: Error generating data or plot', 'traceback_frame': [{'filename': '__test__.py', 'lineno': 45, 'funcname': 'test_value_range', 'codeline': '        ax = task_func()'}, {'filename': '__test__.py', 'lineno': 18, 'funcname': 'task_func', 'codeline': '        raise ValueError("Error generating data or plot") from e'}], 'stdout_logs': '', 'traceback_str': 'Traceback (most recent call last):\n  File "__test__.py", line 4, in task_func\nNameError: name \'random\' is not defined\n\nThe above exception was the direct cause of the following exception:\n\nTraceback (most recent call last):\n  File "__test__.py", line 45, in test_value_range\n  File "__test__.py", line 18, in task_func\nValueError: Error generating data or plot\n'}}
2025-03-25 01:12:58  INFO     [main.py -> get_solutions]: Debugging on Solution 1 consumped step=4, input tokens=29921, output tokens=952, model calls=10
2025-03-25 01:12:58  INFO     [main.py -> update_solution_logs]: Focused test method changed from test_value to test_data_range. Pass Rate changed from 5/6 to 0/6
2025-03-25 01:12:58  INFO     [main.py -> get_solutions]: 
--------------------------------------------------
Start Debugging on Task BigCodeBench/100 Solution 1@Step0:
import matplotlib.pyplot as plt
import pandas as pd
import random
from datetime import datetime
def task_func(seed=42):

    pass
import matplotlib.pyplot as plt
import pandas as pd
import random
from datetime import datetime
def task_func(seed=42):
    try:
        random.seed(seed)
        dates = pd.date_range(end=datetime.today(), periods=30).tolist()
        values = [random.randint(1, 100) for _ in range(30)]

        plt.rcParams['font.family'] = 'Arial'
        fig, ax = plt.subplots()
        ax.plot(dates, values)
        ax.set_xlabel('Date')
        ax.set_ylabel('Value')
        ax.set_title('Random Time Series Data')

        return ax

    except Exception as e:
        raise ValueError("Error generating data or plot") from e
Status: fail
Details: {'test_value': {'stat': 'fail', 'exception_type': 'AssertionError: Lists differ: [81, 14, 3, 94, 35, 31, 28, 17, 94, 13, 86,[68 chars], 69] != [82, 15, 4, 95, 36, 32, 29, 18, 95, 14, 87,[68 chars], 70]\n\nFirst differing element 0:\n81\n82\n\n- [81,\n?   ^\n\n+ [82,\n?   ^\n\n+  15,\n+  4,\n+  95,\n+  36,\n+  32,\n+  29,\n+  18,\n+  95,\n   14,\n-  3,\n+  87,\n-  94,\n?   ^\n\n+  95,\n?   ^\n\n+  70,\n+  12,\n+  76,\n+  55,\n-  35,\n?  -\n\n+  5,\n+  4,\n-  31,\n?  -\n\n+  12,\n?   +\n\n   28,\n-  17,\n-  94,\n-  13,\n?  -\n\n+  30,\n?   +\n\n-  86,\n?  -\n\n+  65,\n?   +\n\n-  94,\n-  69,\n-  11,\n-  75,\n?   ^\n\n+  78,\n?   ^\n\n-  54,\n   4,\n-  3,\n-  11,\n-  27,\n?   -\n\n+  72,\n?  +\n\n-  29,\n?   ^\n\n+  26,\n?   ^\n\n-  64,\n-  77,\n-  3,\n-  71,\n-  25,\n?   -\n\n+  92,\n?  +\n\n-  91,\n-  83,\n?   ^\n\n+  84,\n?   ^\n\n-  89,\n?  -\n\n+  90,\n?   +\n\n-  69]\n+  70] : DataFrame contents should match the expected output', 'traceback_frame': [{'filename': '__test__.py', 'lineno': 65, 'funcname': 'test_value', 'codeline': '        self.assertEqual(expect, y_data.tolist(), "DataFrame contents should match the expected output")'}], 'traceback_str': 'Traceback (most recent call last):\n  File "__test__.py", line 65, in test_value\nAssertionError: Lists differ: [81, 14, 3, 94, 35, 31, 28, 17, 94, 13, 86,[68 chars], 69] != [82, 15, 4, 95, 36, 32, 29, 18, 95, 14, 87,[68 chars], 70]\n\nFirst differing element 0:\n81\n82\n\n- [81,\n?   ^\n\n+ [82,\n?   ^\n\n+  15,\n+  4,\n+  95,\n+  36,\n+  32,\n+  29,\n+  18,\n+  95,\n   14,\n-  3,\n+  87,\n-  94,\n?   ^\n\n+  95,\n?   ^\n\n+  70,\n+  12,\n+  76,\n+  55,\n-  35,\n?  -\n\n+  5,\n+  4,\n-  31,\n?  -\n\n+  12,\n?   +\n\n   28,\n-  17,\n-  94,\n-  13,\n?  -\n\n+  30,\n?   +\n\n-  86,\n?  -\n\n+  65,\n?   +\n\n-  94,\n-  69,\n-  11,\n-  75,\n?   ^\n\n+  78,\n?   ^\n\n-  54,\n   4,\n-  3,\n-  11,\n-  27,\n?   -\n\n+  72,\n?  +\n\n-  29,\n?   ^\n\n+  26,\n?   ^\n\n-  64,\n-  77,\n-  3,\n-  71,\n-  25,\n?   -\n\n+  92,\n?  +\n\n-  91,\n-  83,\n?   ^\n\n+  84,\n?   ^\n\n-  89,\n?  -\n\n+  90,\n?   +\n\n-  69]\n+  70] : DataFrame contents should match the expected output\n'}}
--------------------------------------------------
2025-03-25 01:13:56  INFO     [main.py -> get_solutions]: Debugging Trace on Solution 1 took 6 steps: # Debugging Log

Authored by Linus Torvalds.

I use the _scientific method_ to debug the problem below (as written by Zeller, 2009) by describing the hypothesis/prediction/experiment/observation/conclusion. This can be done by:

Hypothesis: An explanation for the buggy behavior behavior. Hypotheses are the key aspect of the approach, and should be detailed and written with care. Hypotheses should build upon all previous information; repeating previous hypotheses is thus strongly discouraged. Some examples are provided below.

 - Example hypothesis 1: "Given that [information], the method is [overall erroneous behavior]. Specifically, I think it is because `c>b` on line 4321 of method `foo` is intended to [desired behavior], but is [erroneous behavior]."
 - Example hypothesis 2: "The previous hypothesis was rejected. we now know `c>b` on line 4321 of the method `foo` is likely not the culprit. Looking elsewhere, perhaps `x.append(y)` on line 4323 of `foo` should do [desired behavior], but is doing [erroneous behavior]."
 - Example hypothesis 3: "The previous hypothesis was supported. I think changing the code by changing `c>b` to `c>b && a <= d` may fix the code."
 - Example hypothesis 4: "The previous experiment ended in an error. We may need to try a different experiment. Perhaps the experiment can be refined by inspecting the value of [expression] at line [line]."

Prediction: A specific value or symptom that would be observed if the hypothesis is correct. Depending on the hypothesis, one may make the prediction that a test will pass. Make specific considerations for expressions within loops.

 - Example 1: If I use the debugger to print [expr], while given the input and its intended role indicates that its value should be [desired value], it will be [erroneous value]; that is, when I stop the debugger at line lineno, `[expr] == [actual_value]` will be true.
 - Example 2: If I change [expr] to [new_expr], the test will pass.

Experiment: A specific one-line script within `...` that would check whether the prediction made is true. Make sure the line points to an actual statement (not a bracket).

 - Example 1 (pdb script): `b debugging.py:lineno ;; c ;; p x != v`
 - Example 2 (edit script): `REPLACE(4321, "c>b", "c>b && a <= d") AND RUN`

Observation: The output of the script. Example: `False`

Conclusion: A judgement whether the hypothesis is true based on the observation. Also add <DEBUGGING DONE> when the hypothesis confirmed leads to a concrete program fix. 
 - Example: The hypothesis is (supported/rejected/undecided due to experiment error). [When a test passed, add <DEBUGGING DONE>.]

## Description

I have the following python function and test (at /data/wyk/autosd/arhe/bigcodebench5/100/solution_v1_s4_o0.py)

```python
1 
2 def task_func(seed=42):
3     try:
4         random.seed(seed)
5         dates = pd.date_range(end=datetime.today(), periods=30).tolist()
6         values = [random.randint(1, 100) for _ in range(30)]
7 
8         plt.rcParams['font.family'] = 'Arial'
9         fig, ax = plt.subplots()
10         ax.plot(dates, values)
11         ax.set_xlabel('Date')
12         ax.set_ylabel('Value')
13         ax.set_title('Random Time Series Data')
14 
15         return ax
16 
17     except Exception as e:
18         raise ValueError("Error generating data or plot") from e
19 
20 import unittest
21 import pandas as pd 
22 class TestCases(unittest.TestCase):
23     def test_plot_attributes(self):
24         ax = task_func()
25         self.assertEqual(ax.get_title(), 'Random Time Series Data', "The plot title does not match.")
26         self.assertEqual(ax.get_xlabel(), 'Date', "The x-axis label does not match.")
27         self.assertEqual(ax.get_ylabel(), 'Value', "The y-axis label does not match.")
28     def test_reproducibility(self):
29         ax1 = task_func(42)
30         ax2 = task_func(42)
31         self.assertEqual(ax1.get_lines()[0].get_ydata().tolist(), ax2.get_lines()[0].get_ydata().tolist(),
32                          "Data generated with the same seed should match.")
33     def test_random_seed_effect(self):
34         ax1 = task_func(42)
35         ax2 = task_func(43)
36         self.assertNotEqual(ax1.get_lines()[0].get_ydata().tolist(), ax2.get_lines()[0].get_ydata().tolist(),
37                             "Data generated with different seeds should not match.")
38     def test_data_range(self):
39         ax = task_func()
40         lines = ax.get_lines()[0]
41         x_data = lines.get_xdata()
42         self.assertTrue((max(pd.to_datetime(x_data)) - min(pd.to_datetime(x_data))).days <= 29,
43                         "The range of dates should cover up to 29 days.")
44     def test_value_range(self):
45         ax = task_func()
46         y_data = ax.get_lines()[0].get_ydata()
47         all_values_in_range = all(0 <= v <= 100 for v in y_data)
48         self.assertTrue(all_values_in_range, "All values should be within the range 0 to 100.")
49         
50     def test_value(self):
51         ax = task_func()
52         y_data = ax.get_lines()[0].get_ydata()
53         # with open('df_contents.txt', 'w') as file:
54         #     file.write(str(y_data.tolist()))
55         expect = [81, 14, 3, 94, 35, 31, 28, 17, 94, 13, 86, 94, 69, 11, 75, 54, 4, 3, 11, 27, 29, 64, 77, 3, 71, 25, 91, 83, 89, 69]
56         self.assertEqual(expect, y_data.tolist(), "DataFrame contents should match the expected output")
57 testcases = TestCases()
58 testcases.test_data_range()
```

which fails with the error message
```
Traceback (most recent call last):
  File "/data/wyk/autosd/arhe/bigcodebench5/100/solution_v1_s4_o0.py", line 4, in task_func
    random.seed(seed)
NameError: name 'random' is not defined

The above exception was the direct cause of the following exception:

Traceback (most recent call last):
  File "/data/wyk/autosd/arhe/bigcodebench5/100/solution_v1_s4_o0.py", line 58, in <module>
    testcases.test_data_range()
  File "/data/wyk/autosd/arhe/bigcodebench5/100/solution_v1_s4_o0.py", line 39, in test_data_range
    ax = task_func()
  File "/data/wyk/autosd/arhe/bigcodebench5/100/solution_v1_s4_o0.py", line 18, in task_func
    raise ValueError("Error generating data or plot") from e
ValueError: Error generating data or plot
```

## Analysis

Using the scientific method, I debugged the issue as follows.

The repaired code (full method, without comments) is:

```python
def```python
def task_func(seed=42):
    try:
        import random
        import datetime
        import pandas as pd
        import matplotlib.pyplot as plt

        random.seed(seed)
        dates = pd.date_range(end=datetime.datetime.today(), periods=30).tolist()
        values = [random.randint(1, 100) for _ in range(30)]

        plt.rcParams['font.family'] = 'Arial'
        fig, ax = plt.subplots()
        ax.plot(dates, values)
        ax.set_xlabel('Date')
        ax.set_ylabel('Value')
        ax.set_title('Random Time Series Data')

        return ax

    except Exception as e:
        raise ValueError("Error generating data or plot") from e
```

2025-03-25 01:13:57  INFO     [main.py -> get_solutions]: Proposed Solution: 
def task_func(seed=42):
    try:
        import random
        import datetime
        import pandas as pd
        import matplotlib.pyplot as plt

        random.seed(seed)
        dates = pd.date_range(end=datetime.datetime.today(), periods=30).tolist()
        values = [random.randint(1, 100) for _ in range(30)]

        plt.rcParams['font.family'] = 'Arial'
        fig, ax = plt.subplots()
        ax.plot(dates, values)
        ax.set_xlabel('Date')
        ax.set_ylabel('Value')
        ax.set_title('Random Time Series Data')

        return ax

    except Exception as e:
        raise ValueError("Error generating data or plot") from e

Status: fail
Details: {'test_value': {'stat': 'fail', 'exception_type': 'AssertionError: Lists differ: [81, 14, 3, 94, 35, 31, 28, 17, 94, 13, 86,[68 chars], 69] != [82, 15, 4, 95, 36, 32, 29, 18, 95, 14, 87,[68 chars], 70]\n\nFirst differing element 0:\n81\n82\n\n- [81,\n?   ^\n\n+ [82,\n?   ^\n\n+  15,\n+  4,\n+  95,\n+  36,\n+  32,\n+  29,\n+  18,\n+  95,\n   14,\n-  3,\n+  87,\n-  94,\n?   ^\n\n+  95,\n?   ^\n\n+  70,\n+  12,\n+  76,\n+  55,\n-  35,\n?  -\n\n+  5,\n+  4,\n-  31,\n?  -\n\n+  12,\n?   +\n\n   28,\n-  17,\n-  94,\n-  13,\n?  -\n\n+  30,\n?   +\n\n-  86,\n?  -\n\n+  65,\n?   +\n\n-  94,\n-  69,\n-  11,\n-  75,\n?   ^\n\n+  78,\n?   ^\n\n-  54,\n   4,\n-  3,\n-  11,\n-  27,\n?   -\n\n+  72,\n?  +\n\n-  29,\n?   ^\n\n+  26,\n?   ^\n\n-  64,\n-  77,\n-  3,\n-  71,\n-  25,\n?   -\n\n+  92,\n?  +\n\n-  91,\n-  83,\n?   ^\n\n+  84,\n?   ^\n\n-  89,\n?  -\n\n+  90,\n?   +\n\n-  69]\n+  70] : DataFrame contents should match the expected output', 'traceback_frame': [{'filename': '__test__.py', 'lineno': 61, 'funcname': 'test_value', 'codeline': '        self.assertEqual(expect, y_data.tolist(), "DataFrame contents should match the expected output")'}], 'stdout_logs': '', 'traceback_str': 'Traceback (most recent call last):\n  File "__test__.py", line 61, in test_value\nAssertionError: Lists differ: [81, 14, 3, 94, 35, 31, 28, 17, 94, 13, 86,[68 chars], 69] != [82, 15, 4, 95, 36, 32, 29, 18, 95, 14, 87,[68 chars], 70]\n\nFirst differing element 0:\n81\n82\n\n- [81,\n?   ^\n\n+ [82,\n?   ^\n\n+  15,\n+  4,\n+  95,\n+  36,\n+  32,\n+  29,\n+  18,\n+  95,\n   14,\n-  3,\n+  87,\n-  94,\n?   ^\n\n+  95,\n?   ^\n\n+  70,\n+  12,\n+  76,\n+  55,\n-  35,\n?  -\n\n+  5,\n+  4,\n-  31,\n?  -\n\n+  12,\n?   +\n\n   28,\n-  17,\n-  94,\n-  13,\n?  -\n\n+  30,\n?   +\n\n-  86,\n?  -\n\n+  65,\n?   +\n\n-  94,\n-  69,\n-  11,\n-  75,\n?   ^\n\n+  78,\n?   ^\n\n-  54,\n   4,\n-  3,\n-  11,\n-  27,\n?   -\n\n+  72,\n?  +\n\n-  29,\n?   ^\n\n+  26,\n?   ^\n\n-  64,\n-  77,\n-  3,\n-  71,\n-  25,\n?   -\n\n+  92,\n?  +\n\n-  91,\n-  83,\n?   ^\n\n+  84,\n?   ^\n\n-  89,\n?  -\n\n+  90,\n?   +\n\n-  69]\n+  70] : DataFrame contents should match the expected output\n'}}
2025-03-25 01:13:57  INFO     [main.py -> get_solutions]: Debugging on Solution 2 consumped step=6, input tokens=36886, output tokens=1502, model calls=16
2025-03-25 01:13:57  INFO     [main.py -> update_solution_logs]: Focused test method changed from test_data_range to test_value. Pass Rate changed from 0/6 to 5/6
2025-03-25 01:13:57  INFO     [main.py -> get_solutions]: Finished on task BigCodeBench/100. halted: True, status: fail. Final solution:

def task_func(seed=42):
    try:
        import random
        import datetime
        import pandas as pd
        import matplotlib.pyplot as plt

        random.seed(seed)
        dates = pd.date_range(end=datetime.datetime.today(), periods=30).tolist()
        values = [random.randint(1, 100) for _ in range(30)]

        plt.rcParams['font.family'] = 'Arial'
        fig, ax = plt.subplots()
        ax.plot(dates, values)
        ax.set_xlabel('Date')
        ax.set_ylabel('Value')
        ax.set_title('Random Time Series Data')

        return ax

    except Exception as e:
        raise ValueError("Error generating data or plot") from e

2025-03-25 01:13:57  INFO     [main.py -> get_solutions]: ==================================================Task BigCodeBench/100 Total comuptation consumption:
input tokens=66807, output tokens=2454, model calls=26
