2025-03-25 01:31:43  INFO     [main.py -> update_solution_logs]: Focused test method changed from None to test_basic_functionality. Pass Rate changed from None to 0/4
2025-03-25 01:31:43  INFO     [main.py -> get_solutions]: 
==================================================
Start Debugging on Task BigCodeBench/101
==================================================
2025-03-25 01:31:47  INFO     [main.py -> get_solutions]: 
--------------------------------------------------
Start Debugging on Task BigCodeBench/101 Solution 0@Step0:
import matplotlib.pyplot as plt
import pandas as pd
import seaborn as sns
import numpy as np
def task_func(data_url="http://lib.stat.cmu.edu/datasets/boston", seed=42):

    pass
import matplotlib.pyplot as plt
import pandas as pd
import seaborn as sns
import numpy as np
def task_func(data_url="http://lib.stat.cmu.edu/datasets/boston", seed=42):
    try:
        # Load the Boston Housing dataset
        boston_data = pd.read_csv(data_url, sep='\s+', skiprows=22, header=None)
        
        # Set column names
        column_names = ['CRIM', 'ZN', 'INDUS', 'CHAS', 'NOX', 'RM', 'AGE', 'DIS', 'RAD', 'TAX', 'PTRATIO', 'B', 'LSTAT', 'MEDV']
        boston_data.columns = column_names
        
        # Generate correlation matrix
        corr_matrix = boston_data.corr()
        
        # Create the heatmap plot
        plt.figure(figsize=(12, 10))
        heatmap = sns.heatmap(corr_matrix, annot=True, cmap='coolwarm', fmt=".2f")
        
        # Save the plot to a file
        plt.savefig('correlation_heatmap.png')
        
        return heatmap.get_figure().gca()
    
    except Exception as e:
        raise ValueError("An error occurred in generating or saving the plot.") from e
Status: error
Details: {'test_basic_functionality': {'stat': 'error', 'exception_type': 'ValueError: An error occurred in generating or saving the plot.', 'traceback_frame': [{'filename': '__test__.py', 'lineno': 39, 'funcname': 'test_basic_functionality', 'codeline': '        ax = task_func()'}, {'filename': '__test__.py', 'lineno': 34, 'funcname': 'task_func', 'codeline': '        raise ValueError("An error occurred in generating or saving the plot.") from e'}], 'traceback_str': 'Traceback (most recent call last):\n  File "__test__.py", line 19, in task_func\n  File "/home/wyk/.local/lib/python3.10/site-packages/pandas/core/generic.py", line 6002, in __setattr__\n    return object.__setattr__(self, name, value)\n  File "pandas/_libs/properties.pyx", line 69, in pandas._libs.properties.AxisProperty.__set__\n  File "/home/wyk/.local/lib/python3.10/site-packages/pandas/core/generic.py", line 730, in _set_axis\n    self._mgr.set_axis(axis, labels)\n  File "/home/wyk/.local/lib/python3.10/site-packages/pandas/core/internals/managers.py", line 225, in set_axis\n    self._validate_set_axis(axis, new_labels)\n  File "/home/wyk/.local/lib/python3.10/site-packages/pandas/core/internals/base.py", line 70, in _validate_set_axis\n    raise ValueError(\nValueError: Length mismatch: Expected axis has 11 elements, new values have 14 elements\n\nThe above exception was the direct cause of the following exception:\n\nTraceback (most recent call last):\n  File "__test__.py", line 39, in test_basic_functionality\n  File "__test__.py", line 34, in task_func\nValueError: An error occurred in generating or saving the plot.\n'}, 'test_heatmap_features': {'stat': 'error', 'exception_type': 'ValueError: An error occurred in generating or saving the plot.', 'traceback_frame': [{'filename': '__test__.py', 'lineno': 42, 'funcname': 'test_heatmap_features', 'codeline': '        ax = task_func()'}, {'filename': '__test__.py', 'lineno': 34, 'funcname': 'task_func', 'codeline': '        raise ValueError("An error occurred in generating or saving the plot.") from e'}], 'traceback_str': 'Traceback (most recent call last):\n  File "__test__.py", line 19, in task_func\n  File "/home/wyk/.local/lib/python3.10/site-packages/pandas/core/generic.py", line 6002, in __setattr__\n    return object.__setattr__(self, name, value)\n  File "pandas/_libs/properties.pyx", line 69, in pandas._libs.properties.AxisProperty.__set__\n  File "/home/wyk/.local/lib/python3.10/site-packages/pandas/core/generic.py", line 730, in _set_axis\n    self._mgr.set_axis(axis, labels)\n  File "/home/wyk/.local/lib/python3.10/site-packages/pandas/core/internals/managers.py", line 225, in set_axis\n    self._validate_set_axis(axis, new_labels)\n  File "/home/wyk/.local/lib/python3.10/site-packages/pandas/core/internals/base.py", line 70, in _validate_set_axis\n    raise ValueError(\nValueError: Length mismatch: Expected axis has 11 elements, new values have 14 elements\n\nThe above exception was the direct cause of the following exception:\n\nTraceback (most recent call last):\n  File "__test__.py", line 42, in test_heatmap_features\n  File "__test__.py", line 34, in task_func\nValueError: An error occurred in generating or saving the plot.\n'}, 'test_heatmap_values': {'stat': 'error', 'exception_type': 'ValueError: An error occurred in generating or saving the plot.', 'traceback_frame': [{'filename': '__test__.py', 'lineno': 47, 'funcname': 'test_heatmap_values', 'codeline': '        ax = task_func()'}, {'filename': '__test__.py', 'lineno': 34, 'funcname': 'task_func', 'codeline': '        raise ValueError("An error occurred in generating or saving the plot.") from e'}], 'traceback_str': 'Traceback (most recent call last):\n  File "__test__.py", line 19, in task_func\n  File "/home/wyk/.local/lib/python3.10/site-packages/pandas/core/generic.py", line 6002, in __setattr__\n    return object.__setattr__(self, name, value)\n  File "pandas/_libs/properties.pyx", line 69, in pandas._libs.properties.AxisProperty.__set__\n  File "/home/wyk/.local/lib/python3.10/site-packages/pandas/core/generic.py", line 730, in _set_axis\n    self._mgr.set_axis(axis, labels)\n  File "/home/wyk/.local/lib/python3.10/site-packages/pandas/core/internals/managers.py", line 225, in set_axis\n    self._validate_set_axis(axis, new_labels)\n  File "/home/wyk/.local/lib/python3.10/site-packages/pandas/core/internals/base.py", line 70, in _validate_set_axis\n    raise ValueError(\nValueError: Length mismatch: Expected axis has 11 elements, new values have 14 elements\n\nThe above exception was the direct cause of the following exception:\n\nTraceback (most recent call last):\n  File "__test__.py", line 47, in test_heatmap_values\n  File "__test__.py", line 34, in task_func\nValueError: An error occurred in generating or saving the plot.\n'}, 'test_plot_appearance': {'stat': 'error', 'exception_type': 'ValueError: An error occurred in generating or saving the plot.', 'traceback_frame': [{'filename': '__test__.py', 'lineno': 53, 'funcname': 'test_plot_appearance', 'codeline': '        ax = task_func()'}, {'filename': '__test__.py', 'lineno': 34, 'funcname': 'task_func', 'codeline': '        raise ValueError("An error occurred in generating or saving the plot.") from e'}], 'traceback_str': 'Traceback (most recent call last):\n  File "__test__.py", line 19, in task_func\n  File "/home/wyk/.local/lib/python3.10/site-packages/pandas/core/generic.py", line 6002, in __setattr__\n    return object.__setattr__(self, name, value)\n  File "pandas/_libs/properties.pyx", line 69, in pandas._libs.properties.AxisProperty.__set__\n  File "/home/wyk/.local/lib/python3.10/site-packages/pandas/core/generic.py", line 730, in _set_axis\n    self._mgr.set_axis(axis, labels)\n  File "/home/wyk/.local/lib/python3.10/site-packages/pandas/core/internals/managers.py", line 225, in set_axis\n    self._validate_set_axis(axis, new_labels)\n  File "/home/wyk/.local/lib/python3.10/site-packages/pandas/core/internals/base.py", line 70, in _validate_set_axis\n    raise ValueError(\nValueError: Length mismatch: Expected axis has 11 elements, new values have 14 elements\n\nThe above exception was the direct cause of the following exception:\n\nTraceback (most recent call last):\n  File "__test__.py", line 53, in test_plot_appearance\n  File "__test__.py", line 34, in task_func\nValueError: An error occurred in generating or saving the plot.\n'}}
--------------------------------------------------
2025-03-25 01:34:47  INFO     [main.py -> get_solutions]: Debugging Trace on Solution 0 took 10 steps: # Debugging Log

Authored by Linus Torvalds.

I use the _scientific method_ to debug the problem below (as written by Zeller, 2009) by describing the hypothesis/prediction/experiment/observation/conclusion. This can be done by:

Hypothesis: An explanation for the buggy behavior behavior. Hypotheses are the key aspect of the approach, and should be detailed and written with care. Hypotheses should build upon all previous information; repeating previous hypotheses is thus strongly discouraged. Some examples are provided below.

 - Example hypothesis 1: "Given that [information], the method is [overall erroneous behavior]. Specifically, I think it is because `c>b` on line 4321 of method `foo` is intended to [desired behavior], but is [erroneous behavior]."
 - Example hypothesis 2: "The previous hypothesis was rejected. we now know `c>b` on line 4321 of the method `foo` is likely not the culprit. Looking elsewhere, perhaps `x.append(y)` on line 4323 of `foo` should do [desired behavior], but is doing [erroneous behavior]."
 - Example hypothesis 3: "The previous hypothesis was supported. I think changing the code by changing `c>b` to `c>b && a <= d` may fix the code."
 - Example hypothesis 4: "The previous experiment ended in an error. We may need to try a different experiment. Perhaps the experiment can be refined by inspecting the value of [expression] at line [line]."

Prediction: A specific value or symptom that would be observed if the hypothesis is correct. Depending on the hypothesis, one may make the prediction that a test will pass. Make specific considerations for expressions within loops.

 - Example 1: If I use the debugger to print [expr], while given the input and its intended role indicates that its value should be [desired value], it will be [erroneous value]; that is, when I stop the debugger at line lineno, `[expr] == [actual_value]` will be true.
 - Example 2: If I change [expr] to [new_expr], the test will pass.

Experiment: A specific one-line script within `...` that would check whether the prediction made is true. Make sure the line points to an actual statement (not a bracket).

 - Example 1 (pdb script): `b debugging.py:lineno ;; c ;; p x != v`
 - Example 2 (edit script): `REPLACE(4321, "c>b", "c>b && a <= d") AND RUN`

Observation: The output of the script. Example: `False`

Conclusion: A judgement whether the hypothesis is true based on the observation. Also add <DEBUGGING DONE> when the hypothesis confirmed leads to a concrete program fix. 
 - Example: The hypothesis is (supported/rejected/undecided due to experiment error). [When a test passed, add <DEBUGGING DONE>.]

## Description

I have the following python function and test (at /data/wyk/autosd/arhe/bigcodebench5/101/solution_v0_s0_o0.py)

```python
1 import matplotlib.pyplot as plt
2 import pandas as pd
3 import seaborn as sns
4 import numpy as np
5 def task_func(data_url="http://lib.stat.cmu.edu/datasets/boston", seed=42):
6 
7     pass
8 import matplotlib.pyplot as plt
9 import pandas as pd
10 import seaborn as sns
11 import numpy as np
12 def task_func(data_url="http://lib.stat.cmu.edu/datasets/boston", seed=42):
13     try:
14         # Load the Boston Housing dataset
15         boston_data = pd.read_csv(data_url, sep='\s+', skiprows=22, header=None)
16         
17         # Set column names
18         column_names = ['CRIM', 'ZN', 'INDUS', 'CHAS', 'NOX', 'RM', 'AGE', 'DIS', 'RAD', 'TAX', 'PTRATIO', 'B', 'LSTAT', 'MEDV']
19         boston_data.columns = column_names
20         
21         # Generate correlation matrix
22         corr_matrix = boston_data.corr()
23         
24         # Create the heatmap plot
25         plt.figure(figsize=(12, 10))
26         heatmap = sns.heatmap(corr_matrix, annot=True, cmap='coolwarm', fmt=".2f")
27         
28         # Save the plot to a file
29         plt.savefig('correlation_heatmap.png')
30         
31         return heatmap.get_figure().gca()
32     
33     except Exception as e:
34         raise ValueError("An error occurred in generating or saving the plot.") from e
35 import unittest
36 import matplotlib.pyplot as plt
37 class TestCases(unittest.TestCase):
38     def test_basic_functionality(self):
39         ax = task_func()
40         self.assertIsInstance(ax, plt.Axes)
41     def test_heatmap_features(self):
42         ax = task_func()
43         heatmap_data = ax.get_children()[0].get_array().data
44         self.assertEqual(heatmap_data.shape, (169,))  # Assuming Boston dataset has 13 features
45     
46     def test_heatmap_values(self):
47         ax = task_func()
48         heatmap_data = ax.get_children()[0].get_array().data
49         
50         expect = [1.0, -0.20046921966254744, 0.4065834114062594, -0.05589158222224156, 0.4209717113924554, -0.21924670286251308, 0.3527342509013634, -0.37967008695102467, 0.6255051452626024, 0.5827643120325854, 0.2899455792795226, -0.3850639419942239, 0.4556214794479463, -0.20046921966254744, 1.0, -0.5338281863044696, -0.04269671929612169, -0.5166037078279843, 0.31199058737409047, -0.5695373420992109, 0.6644082227621105, -0.3119478260185367, -0.3145633246775997, -0.3916785479362161, 0.1755203173828273, -0.41299457452700283, 0.4065834114062594, -0.5338281863044696, 1.0, 0.06293802748966515, 0.7636514469209139, -0.39167585265684274, 0.6447785113552554, -0.7080269887427675, 0.5951292746038485, 0.7207601799515422, 0.38324755642888936, -0.3569765351041928, 0.603799716476621, -0.05589158222224156, -0.04269671929612169, 0.06293802748966515, 1.0, 0.09120280684249558, 0.09125122504345677, 0.08651777425454328, -0.09917578017472799, -0.00736824088607757, -0.03558651758591146, -0.12151517365806228, 0.048788484955166495, -0.05392929837569424, 0.4209717113924554, -0.5166037078279843, 0.7636514469209139, 0.09120280684249558, 1.0, -0.3021881878495924, 0.7314701037859592, -0.7692301132258282, 0.6114405634855762, 0.6680232004030217, 0.18893267711276884, -0.3800506377924, 0.5908789208808451, -0.21924670286251308, 0.31199058737409047, -0.39167585265684274, 0.09125122504345677, -0.3021881878495924, 1.0, -0.24026493104775065, 0.20524621293005416, -0.20984666776610833, -0.2920478326232189, -0.35550149455908525, 0.1280686350925421, -0.6138082718663955, 0.3527342509013634, -0.5695373420992109, 0.6447785113552554, 0.08651777425454328, 0.7314701037859592, -0.24026493104775065, 1.0, -0.747880540868632, 0.4560224517516137, 0.5064555935507051, 0.2615150116719584, -0.273533976638513, 0.6023385287262395, -0.37967008695102467, 0.6644082227621105, -0.7080269887427675, -0.09917578017472799, -0.7692301132258282, 0.20524621293005416, -0.747880540868632, 1.0, -0.4945879296720758, -0.5344315844084577, -0.23247054240825826, 0.2915116731330399, -0.4969958308636848, 0.6255051452626024, -0.3119478260185367, 0.5951292746038485, -0.00736824088607757, 0.6114405634855762, -0.20984666776610833, 0.4560224517516137, -0.4945879296720758, 1.0, 0.9102281885331865, 0.46474117850306057, -0.44441281557512585, 0.4886763349750666, 0.5827643120325854, -0.3145633246775997, 0.7207601799515422, -0.03558651758591146, 0.6680232004030217, -0.2920478326232189, 0.5064555935507051, -0.5344315844084577, 0.9102281885331865, 1.0, 0.4608530350656702, -0.44180800672281423, 0.5439934120015698, 0.2899455792795226, -0.3916785479362161, 0.38324755642888936, -0.12151517365806228, 0.18893267711276884, -0.35550149455908525, 0.2615150116719584, -0.23247054240825826, 0.46474117850306057, 0.4608530350656702, 1.0, -0.1773833023052333, 0.3740443167146772, -0.3850639419942239, 0.1755203173828273, -0.3569765351041928, 0.048788484955166495, -0.3800506377924, 0.1280686350925421, -0.273533976638513, 0.2915116731330399, -0.44441281557512585, -0.44180800672281423, -0.1773833023052333, 1.0, -0.36608690169159663, 0.4556214794479463, -0.41299457452700283, 0.603799716476621, -0.05392929837569424, 0.5908789208808451, -0.6138082718663955, 0.6023385287262395, -0.4969958308636848, 0.4886763349750666, 0.5439934120015698, 0.3740443167146772, -0.36608690169159663, 1.0]
51         self.assertAlmostEqual(heatmap_data.tolist(), expect, "DataFrame contents should match the expected output")
52     def test_plot_appearance(self):
53         ax = task_func()
54         self.assertEqual(ax.get_xlabel(), "")
55         self.assertEqual(ax.get_ylabel(), "")
56         self.assertEqual(ax.get_title(), "")
57 testcases = TestCases()
58 testcases.test_basic_functionality()
```

which fails with the error message
```
Traceback (most recent call last):
  File "/data/wyk/autosd/arhe/bigcodebench5/101/solution_v0_s0_o0.py", line 19, in task_func
    boston_data.columns = column_names
  File "/data/wyk/.conda/envs/bigcodebench/lib/python3.10/site-packages/pandas/core/generic.py", line 6002, in __setattr__
    return object.__setattr__(self, name, value)
  File "pandas/_libs/properties.pyx", line 69, in pandas._libs.properties.AxisProperty.__set__
  File "/data/wyk/.conda/envs/bigcodebench/lib/python3.10/site-packages/pandas/core/generic.py", line 730, in _set_axis
    self._mgr.set_axis(axis, labels)
  File "/data/wyk/.conda/envs/bigcodebench/lib/python3.10/site-packages/pandas/core/internals/managers.py", line 225, in set_axis
    self._validate_set_axis(axis, new_labels)
  File "/data/wyk/.conda/envs/bigcodebench/lib/python3.10/site-packages/pandas/core/internals/base.py", line 70, in _validate_set_axis
    raise ValueError(
ValueError: Length mismatch: Expected axis has 11 elements, new values have 14 elements

The above exception was the direct cause of the following exception:

Traceback (most recent call last):
  File "/data/wyk/autosd/arhe/bigcodebench5/101/solution_v0_s0_o0.py", line 58, in <module>
    testcases.test_basic_functionality()
  File "/data/wyk/autosd/arhe/bigcodebench5/101/solution_v0_s0_o0.py", line 39, in test_basic_functionality
    ax = task_func()
  File "/data/wyk/autosd/arhe/bigcodebench5/101/solution_v0_s0_o0.py", line 34, in task_func
    raise ValueError("An error occurred in generating or saving the plot.") from e
ValueError: An error occurred in generating or saving the plot.
```

## Analysis

Using the scientific method, I debugged the issue as follows.

The repaired code (full method, without comments) is:

```python
defimport numpy as np
import seaborn as sns
import pandas as pd
import matplotlib.pyplot as plt
```python
def task_func(data_url="http://lib.stat.cmu.edu/datasets/boston", seed=42):
    try:
        # Load the Boston Housing dataset
        boston_data = pd.read_csv(data_url, sep='\s+', skiprows=22, header=None)
        
        # Set column names
        column_names = ['CRIM', 'ZN', 'INDUS', 'CHAS', 'NOX', 'RM', 'AGE', 'DIS', 'RAD', 'TAX', 'PTRATIO', 'B', 'LSTAT', 'MEDV']
        boston_data.columns = column_names
        
        # Generate correlation matrix
        corr_matrix = boston_data.corr()
        
        # Create the heatmap plot
        plt.figure(figsize=(12, 10))
        heatmap = sns.heatmap(corr_matrix, annot=True, cmap='coolwarm', fmt=".2f")
        
        # Save the plot to a file
        plt.savefig('correlation_heatmap.png')
        
        return heatmap.get_figure().gca()
    
    except Exception as e:
        raise ValueError("An error occurred in generating or saving the plot.") from e
```

2025-03-25 01:34:48  INFO     [main.py -> get_solutions]: Proposed Solution: 
def task_func(data_url="http://lib.stat.cmu.edu/datasets/boston", seed=42):
    try:
        # Load the Boston Housing dataset
        boston_data = pd.read_csv(data_url, sep='\s+', skiprows=22, header=None)
        
        # Set column names
        column_names = ['CRIM', 'ZN', 'INDUS', 'CHAS', 'NOX', 'RM', 'AGE', 'DIS', 'RAD', 'TAX', 'PTRATIO', 'B', 'LSTAT', 'MEDV']
        boston_data.columns = column_names
        
        # Generate correlation matrix
        corr_matrix = boston_data.corr()
        
        # Create the heatmap plot
        plt.figure(figsize=(12, 10))
        heatmap = sns.heatmap(corr_matrix, annot=True, cmap='coolwarm', fmt=".2f")
        
        # Save the plot to a file
        plt.savefig('correlation_heatmap.png')
        
        return heatmap.get_figure().gca()
    
    except Exception as e:
        raise ValueError("An error occurred in generating or saving the plot.") from e

Status: error
Details: {'test_basic_functionality': {'stat': 'error', 'exception_type': 'ValueError: An error occurred in generating or saving the plot.', 'traceback_frame': [{'filename': '__test__.py', 'lineno': 30, 'funcname': 'test_basic_functionality', 'codeline': '        ax = task_func()'}, {'filename': '__test__.py', 'lineno': 24, 'funcname': 'task_func', 'codeline': '        raise ValueError("An error occurred in generating or saving the plot.") from e'}], 'stdout_logs': '', 'traceback_str': 'Traceback (most recent call last):\n  File "__test__.py", line 5, in task_func\nNameError: name \'pd\' is not defined\n\nThe above exception was the direct cause of the following exception:\n\nTraceback (most recent call last):\n  File "__test__.py", line 30, in test_basic_functionality\n  File "__test__.py", line 24, in task_func\nValueError: An error occurred in generating or saving the plot.\n'}, 'test_heatmap_features': {'stat': 'error', 'exception_type': 'ValueError: An error occurred in generating or saving the plot.', 'traceback_frame': [{'filename': '__test__.py', 'lineno': 33, 'funcname': 'test_heatmap_features', 'codeline': '        ax = task_func()'}, {'filename': '__test__.py', 'lineno': 24, 'funcname': 'task_func', 'codeline': '        raise ValueError("An error occurred in generating or saving the plot.") from e'}], 'stdout_logs': '', 'traceback_str': 'Traceback (most recent call last):\n  File "__test__.py", line 5, in task_func\nNameError: name \'pd\' is not defined\n\nThe above exception was the direct cause of the following exception:\n\nTraceback (most recent call last):\n  File "__test__.py", line 33, in test_heatmap_features\n  File "__test__.py", line 24, in task_func\nValueError: An error occurred in generating or saving the plot.\n'}, 'test_heatmap_values': {'stat': 'error', 'exception_type': 'ValueError: An error occurred in generating or saving the plot.', 'traceback_frame': [{'filename': '__test__.py', 'lineno': 38, 'funcname': 'test_heatmap_values', 'codeline': '        ax = task_func()'}, {'filename': '__test__.py', 'lineno': 24, 'funcname': 'task_func', 'codeline': '        raise ValueError("An error occurred in generating or saving the plot.") from e'}], 'stdout_logs': '', 'traceback_str': 'Traceback (most recent call last):\n  File "__test__.py", line 5, in task_func\nNameError: name \'pd\' is not defined\n\nThe above exception was the direct cause of the following exception:\n\nTraceback (most recent call last):\n  File "__test__.py", line 38, in test_heatmap_values\n  File "__test__.py", line 24, in task_func\nValueError: An error occurred in generating or saving the plot.\n'}, 'test_plot_appearance': {'stat': 'error', 'exception_type': 'ValueError: An error occurred in generating or saving the plot.', 'traceback_frame': [{'filename': '__test__.py', 'lineno': 44, 'funcname': 'test_plot_appearance', 'codeline': '        ax = task_func()'}, {'filename': '__test__.py', 'lineno': 24, 'funcname': 'task_func', 'codeline': '        raise ValueError("An error occurred in generating or saving the plot.") from e'}], 'stdout_logs': '', 'traceback_str': 'Traceback (most recent call last):\n  File "__test__.py", line 5, in task_func\nNameError: name \'pd\' is not defined\n\nThe above exception was the direct cause of the following exception:\n\nTraceback (most recent call last):\n  File "__test__.py", line 44, in test_plot_appearance\n  File "__test__.py", line 24, in task_func\nValueError: An error occurred in generating or saving the plot.\n'}}
2025-03-25 01:34:48  INFO     [main.py -> get_solutions]: Debugging on Solution 1 consumped step=10, input tokens=199073, output tokens=4722, model calls=28
2025-03-25 01:34:48  INFO     [main.py -> get_solutions]: Finished on task BigCodeBench/101. halted: True, status: error. Final solution:

def task_func(data_url="http://lib.stat.cmu.edu/datasets/boston", seed=42):
    try:
        # Load the Boston Housing dataset
        boston_data = pd.read_csv(data_url, sep='\s+', skiprows=22, header=None)
        
        # Set column names
        column_names = ['CRIM', 'ZN', 'INDUS', 'CHAS', 'NOX', 'RM', 'AGE', 'DIS', 'RAD', 'TAX', 'PTRATIO', 'B', 'LSTAT', 'MEDV']
        boston_data.columns = column_names
        
        # Generate correlation matrix
        corr_matrix = boston_data.corr()
        
        # Create the heatmap plot
        plt.figure(figsize=(12, 10))
        heatmap = sns.heatmap(corr_matrix, annot=True, cmap='coolwarm', fmt=".2f")
        
        # Save the plot to a file
        plt.savefig('correlation_heatmap.png')
        
        return heatmap.get_figure().gca()
    
    except Exception as e:
        raise ValueError("An error occurred in generating or saving the plot.") from e

2025-03-25 01:34:48  INFO     [main.py -> get_solutions]: ==================================================Task BigCodeBench/101 Total comuptation consumption:
input tokens=199073, output tokens=4722, model calls=28
