2025-03-25 01:47:31  INFO     [main.py -> update_solution_logs]: Focused test method changed from None to test_missing_target_column. Pass Rate changed from None to 4/5
2025-03-25 01:47:31  INFO     [main.py -> get_solutions]: 
==================================================
Start Debugging on Task BigCodeBench/1017
==================================================
2025-03-25 01:47:33  INFO     [main.py -> get_solutions]: 
--------------------------------------------------
Start Debugging on Task BigCodeBench/1017 Solution 0@Step0:
import pandas as pd
from sklearn.model_selection import train_test_split
from sklearn.ensemble import RandomForestClassifier
from sklearn.metrics import classification_report
def task_func(csv_file_path, target_column="target", test_size=0.2, n_estimators=100):

    pass
import pandas as pd
from sklearn.model_selection import train_test_split
from sklearn.ensemble import RandomForestClassifier
from sklearn.metrics import classification_report
def task_func(csv_file_path, target_column="target", test_size=0.2, n_estimators=100):
    try:
        data = pd.read_csv(csv_file_path)
        if target_column not in data.columns:
            raise ValueError(f"Specified target column '{target_column}' not found in the CSV file.")
        
        X = data.drop(columns=[target_column])
        y = data[target_column]
        
        X_train, X_test, y_train, y_test = train_test_split(X, y, test_size=test_size, random_state=42)
        
        rf_classifier = RandomForestClassifier(n_estimators=n_estimators)
        rf_classifier.fit(X_train, y_train)
        
        y_pred = rf_classifier.predict(X_test)
        
        report = classification_report(y_test, y_pred)
        
        return report
    
    except Exception as e:
        return str(e)
csv_file_path = "data.csv"
target_column = "class"
Status: fail
Details: {'test_missing_target_column': {'stat': 'fail', 'exception_type': 'AssertionError: ValueError not raised', 'traceback_frame': [{'filename': '__test__.py', 'lineno': 101, 'funcname': 'test_missing_target_column', 'codeline': '        with self.assertRaises(ValueError):'}], 'traceback_str': 'Traceback (most recent call last):\n  File "/home/mambaforge/lib/python3.10/unittest/mock.py", line 1379, in patched\n    return func(*newargs, **newkeywargs)\n  File "__test__.py", line 101, in test_missing_target_column\nAssertionError: ValueError not raised\n'}}
--------------------------------------------------
2025-03-25 01:48:00  INFO     [main.py -> get_solutions]: Debugging Trace on Solution 0 took 3 steps: # Debugging Log

Authored by Linus Torvalds.

I use the _scientific method_ to debug the problem below (as written by Zeller, 2009) by describing the hypothesis/prediction/experiment/observation/conclusion. This can be done by:

Hypothesis: An explanation for the buggy behavior behavior. Hypotheses are the key aspect of the approach, and should be detailed and written with care. Hypotheses should build upon all previous information; repeating previous hypotheses is thus strongly discouraged. Some examples are provided below.

 - Example hypothesis 1: "Given that [information], the method is [overall erroneous behavior]. Specifically, I think it is because `c>b` on line 4321 of method `foo` is intended to [desired behavior], but is [erroneous behavior]."
 - Example hypothesis 2: "The previous hypothesis was rejected. we now know `c>b` on line 4321 of the method `foo` is likely not the culprit. Looking elsewhere, perhaps `x.append(y)` on line 4323 of `foo` should do [desired behavior], but is doing [erroneous behavior]."
 - Example hypothesis 3: "The previous hypothesis was supported. I think changing the code by changing `c>b` to `c>b && a <= d` may fix the code."
 - Example hypothesis 4: "The previous experiment ended in an error. We may need to try a different experiment. Perhaps the experiment can be refined by inspecting the value of [expression] at line [line]."

Prediction: A specific value or symptom that would be observed if the hypothesis is correct. Depending on the hypothesis, one may make the prediction that a test will pass. Make specific considerations for expressions within loops.

 - Example 1: If I use the debugger to print [expr], while given the input and its intended role indicates that its value should be [desired value], it will be [erroneous value]; that is, when I stop the debugger at line lineno, `[expr] == [actual_value]` will be true.
 - Example 2: If I change [expr] to [new_expr], the test will pass.

Experiment: A specific one-line script within `...` that would check whether the prediction made is true. Make sure the line points to an actual statement (not a bracket).

 - Example 1 (pdb script): `b debugging.py:lineno ;; c ;; p x != v`
 - Example 2 (edit script): `REPLACE(4321, "c>b", "c>b && a <= d") AND RUN`

Observation: The output of the script. Example: `False`

Conclusion: A judgement whether the hypothesis is true based on the observation. Also add <DEBUGGING DONE> when the hypothesis confirmed leads to a concrete program fix. 
 - Example: The hypothesis is (supported/rejected/undecided due to experiment error). [When a test passed, add <DEBUGGING DONE>.]

## Description

I have the following python function and test (at /data/wyk/autosd/arhe/bigcodebench5/1017/solution_v0_s0_o0.py)

```python
1 import pandas as pd
2 from sklearn.model_selection import train_test_split
3 from sklearn.ensemble import RandomForestClassifier
4 from sklearn.metrics import classification_report
5 def task_func(csv_file_path, target_column="target", test_size=0.2, n_estimators=100):
6 
7     pass
8 import pandas as pd
9 from sklearn.model_selection import train_test_split
10 from sklearn.ensemble import RandomForestClassifier
11 from sklearn.metrics import classification_report
12 def task_func(csv_file_path, target_column="target", test_size=0.2, n_estimators=100):
13     try:
14         data = pd.read_csv(csv_file_path)
15         if target_column not in data.columns:
16             raise ValueError(f"Specified target column '{target_column}' not found in the CSV file.")
17         
18         X = data.drop(columns=[target_column])
19         y = data[target_column]
20         
21         X_train, X_test, y_train, y_test = train_test_split(X, y, test_size=test_size, random_state=42)
22         
23         rf_classifier = RandomForestClassifier(n_estimators=n_estimators)
24         rf_classifier.fit(X_train, y_train)
25         
26         y_pred = rf_classifier.predict(X_test)
27         
28         report = classification_report(y_test, y_pred)
29         
30         return report
31     
32     except Exception as e:
33         return str(e)
34 csv_file_path = "data.csv"
35 target_column = "class"
36 import unittest
37 from unittest.mock import patch
38 import pandas as pd
39 class TestCases(unittest.TestCase):
40     """Test cases for task_func."""
41     @patch("pandas.read_csv")
42     def test_default_parameters(self, mock_read_csv):
43         """
44         Test task_func with default parameters using an adequately sized mock dataset.
45         """
46         mock_data = {
47             "feature1": range(100),
48             "feature2": range(100, 200),
49             "target": [0, 1] * 50,  # Alternating 0s and 1s
50         }
51         mock_read_csv.return_value = pd.DataFrame(mock_data)
52         result = task_func("dummy_path.csv")
53         self.assertIn("precision", result)
54     @patch("pandas.read_csv")
55     def test_non_default_target_column(self, mock_read_csv):
56         """
57         Test task_func with a non-default target column using a larger mock dataset.
58         """
59         mock_data = {
60             "feature1": range(100),
61             "feature2": range(100, 200),
62             "label": [1, 0] * 50,  # Alternating 1s and 0s
63         }
64         mock_read_csv.return_value = pd.DataFrame(mock_data)
65         result = task_func("dummy_path.csv", target_column="label")
66         self.assertIn("precision", result)
67     @patch("pandas.read_csv")
68     def test_different_test_size(self, mock_read_csv):
69         """
70         Test task_func with a different test size and a larger dataset.
71         """
72         mock_data = {
73             "feature1": range(100),
74             "feature2": range(100, 200),
75             "target": [0, 1, 1, 0] * 25,  # Repeated pattern
76         }
77         mock_read_csv.return_value = pd.DataFrame(mock_data)
78         result = task_func("dummy_path.csv", test_size=0.5)
79         self.assertIn("precision", result)
80     @patch("pandas.read_csv")
81     def test_different_n_estimators(self, mock_read_csv):
82         """
83         Test task_func with a different number of estimators and an expanded dataset.
84         """
85         mock_data = {
86             "feature1": range(100),
87             "feature2": range(100, 200),
88             "target": [1, 0] * 50,  # Alternating 1s and 0s
89         }
90         mock_read_csv.return_value = pd.DataFrame(mock_data)
91         result = task_func("dummy_path.csv", n_estimators=50)
92         self.assertIn("precision", result)
93     @patch("pandas.read_csv")
94     def test_missing_target_column(self, mock_read_csv):
95         """
96         Test task_func with a missing target column.
97         """
98         mock_read_csv.return_value = pd.DataFrame(
99             {"feature1": [1, 2], "feature2": [3, 4]}
100         )
101         with self.assertRaises(ValueError):
102             task_func("dummy_path.csv", target_column="not_exist")
103 testcases = TestCases()
104 testcases.test_missing_target_column()
```

which fails with the error message
```
Traceback (most recent call last):
  File "/data/wyk/autosd/arhe/bigcodebench5/1017/solution_v0_s0_o0.py", line 104, in <module>
    testcases.test_missing_target_column()
  File "/data/wyk/.conda/envs/bigcodebench/lib/python3.10/unittest/mock.py", line 1379, in patched
    return func(*newargs, **newkeywargs)
  File "/data/wyk/autosd/arhe/bigcodebench5/1017/solution_v0_s0_o0.py", line 101, in test_missing_target_column
    with self.assertRaises(ValueError):
  File "/data/wyk/.conda/envs/bigcodebench/lib/python3.10/unittest/case.py", line 226, in __exit__
    self._raiseFailure("{} not raised".format(exc_name))
  File "/data/wyk/.conda/envs/bigcodebench/lib/python3.10/unittest/case.py", line 163, in _raiseFailure
    raise self.test_case.failureException(msg)
AssertionError: ValueError not raised
```

## Analysis

Using the scientific method, I debugged the issue as follows.

The repaired code (full method, without comments) is:

```python
deffrom sklearn.metrics import classification_report
from sklearn.ensemble import RandomForestClassifier
from sklearn.model_selection import train_test_split
import pandas as pd
```python
def task_func(csv_file_path, target_column="target", test_size=0.2, n_estimators=100):
    try:
        data = pd.read_csv(csv_file_path)
        if target_column not in data.columns:
            raise ValueError(f"Specified target column '{target_column}' not found in the CSV file.")
        
        X = data.drop(columns=[target_column])
        y = data[target_column]
        
        X_train, X_test, y_train, y_test = train_test_split(X, y, test_size=test_size, random_state=42)
        
        rf_classifier = RandomForestClassifier(n_estimators=n_estimators)
        rf_classifier.fit(X_train, y_train)
        
        y_pred = rf_classifier.predict(X_test)
        
        report = classification_report(y_test, y_pred)
        
        return report
    
    except Exception as e:
        return str(e)
```

2025-03-25 01:48:01  INFO     [main.py -> get_solutions]: Proposed Solution: 
def task_func(csv_file_path, target_column="target", test_size=0.2, n_estimators=100):
    try:
        data = pd.read_csv(csv_file_path)
        if target_column not in data.columns:
            raise ValueError(f"Specified target column '{target_column}' not found in the CSV file.")
        
        X = data.drop(columns=[target_column])
        y = data[target_column]
        
        X_train, X_test, y_train, y_test = train_test_split(X, y, test_size=test_size, random_state=42)
        
        rf_classifier = RandomForestClassifier(n_estimators=n_estimators)
        rf_classifier.fit(X_train, y_train)
        
        y_pred = rf_classifier.predict(X_test)
        
        report = classification_report(y_test, y_pred)
        
        return report
    
    except Exception as e:
        return str(e)

Status: fail
Details: {'test_default_parameters': {'stat': 'fail', 'exception_type': 'AssertionError: \'precision\' not found in "name \'train_test_split\' is not defined"', 'traceback_frame': [{'filename': '__test__.py', 'lineno': 42, 'funcname': 'test_default_parameters', 'codeline': '        self.assertIn("precision", result)'}], 'stdout_logs': '', 'traceback_str': 'Traceback (most recent call last):\n  File "/data/wyk/.conda/envs/bigcodebench/lib/python3.10/unittest/mock.py", line 1379, in patched\n    return func(*newargs, **newkeywargs)\n  File "__test__.py", line 42, in test_default_parameters\nAssertionError: \'precision\' not found in "name \'train_test_split\' is not defined"\n'}, 'test_different_n_estimators': {'stat': 'fail', 'exception_type': 'AssertionError: \'precision\' not found in "name \'train_test_split\' is not defined"', 'traceback_frame': [{'filename': '__test__.py', 'lineno': 81, 'funcname': 'test_different_n_estimators', 'codeline': '        self.assertIn("precision", result)'}], 'stdout_logs': '', 'traceback_str': 'Traceback (most recent call last):\n  File "/data/wyk/.conda/envs/bigcodebench/lib/python3.10/unittest/mock.py", line 1379, in patched\n    return func(*newargs, **newkeywargs)\n  File "__test__.py", line 81, in test_different_n_estimators\nAssertionError: \'precision\' not found in "name \'train_test_split\' is not defined"\n'}, 'test_different_test_size': {'stat': 'fail', 'exception_type': 'AssertionError: \'precision\' not found in "name \'train_test_split\' is not defined"', 'traceback_frame': [{'filename': '__test__.py', 'lineno': 68, 'funcname': 'test_different_test_size', 'codeline': '        self.assertIn("precision", result)'}], 'stdout_logs': '', 'traceback_str': 'Traceback (most recent call last):\n  File "/data/wyk/.conda/envs/bigcodebench/lib/python3.10/unittest/mock.py", line 1379, in patched\n    return func(*newargs, **newkeywargs)\n  File "__test__.py", line 68, in test_different_test_size\nAssertionError: \'precision\' not found in "name \'train_test_split\' is not defined"\n'}, 'test_missing_target_column': {'stat': 'fail', 'exception_type': 'AssertionError: ValueError not raised', 'traceback_frame': [{'filename': '__test__.py', 'lineno': 90, 'funcname': 'test_missing_target_column', 'codeline': '        with self.assertRaises(ValueError):'}], 'stdout_logs': '', 'traceback_str': 'Traceback (most recent call last):\n  File "/data/wyk/.conda/envs/bigcodebench/lib/python3.10/unittest/mock.py", line 1379, in patched\n    return func(*newargs, **newkeywargs)\n  File "__test__.py", line 90, in test_missing_target_column\nAssertionError: ValueError not raised\n'}, 'test_non_default_target_column': {'stat': 'fail', 'exception_type': 'AssertionError: \'precision\' not found in "name \'train_test_split\' is not defined"', 'traceback_frame': [{'filename': '__test__.py', 'lineno': 55, 'funcname': 'test_non_default_target_column', 'codeline': '        self.assertIn("precision", result)'}], 'stdout_logs': '', 'traceback_str': 'Traceback (most recent call last):\n  File "/data/wyk/.conda/envs/bigcodebench/lib/python3.10/unittest/mock.py", line 1379, in patched\n    return func(*newargs, **newkeywargs)\n  File "__test__.py", line 55, in test_non_default_target_column\nAssertionError: \'precision\' not found in "name \'train_test_split\' is not defined"\n'}}
2025-03-25 01:48:01  INFO     [main.py -> get_solutions]: Debugging on Solution 1 consumped step=3, input tokens=16264, output tokens=724, model calls=7
2025-03-25 01:48:01  INFO     [main.py -> update_solution_logs]: Focused test method changed from test_missing_target_column to test_default_parameters. Pass Rate changed from 4/5 to 0/5
2025-03-25 01:48:01  INFO     [main.py -> get_solutions]: 
--------------------------------------------------
Start Debugging on Task BigCodeBench/1017 Solution 1@Step0:
import pandas as pd
from sklearn.model_selection import train_test_split
from sklearn.ensemble import RandomForestClassifier
from sklearn.metrics import classification_report
def task_func(csv_file_path, target_column="target", test_size=0.2, n_estimators=100):

    pass
import pandas as pd
from sklearn.model_selection import train_test_split
from sklearn.ensemble import RandomForestClassifier
from sklearn.metrics import classification_report
def task_func(csv_file_path, target_column="target", test_size=0.2, n_estimators=100):
    try:
        data = pd.read_csv(csv_file_path)
        if target_column not in data.columns:
            raise ValueError(f"Specified target column '{target_column}' not found in the CSV file.")
        
        X = data.drop(columns=[target_column])
        y = data[target_column]
        
        X_train, X_test, y_train, y_test = train_test_split(X, y, test_size=test_size, random_state=42)
        
        rf_classifier = RandomForestClassifier(n_estimators=n_estimators)
        rf_classifier.fit(X_train, y_train)
        
        y_pred = rf_classifier.predict(X_test)
        
        report = classification_report(y_test, y_pred)
        
        return report
    
    except Exception as e:
        return str(e)
csv_file_path = "data.csv"
target_column = "class"
Status: fail
Details: {'test_missing_target_column': {'stat': 'fail', 'exception_type': 'AssertionError: ValueError not raised', 'traceback_frame': [{'filename': '__test__.py', 'lineno': 101, 'funcname': 'test_missing_target_column', 'codeline': '        with self.assertRaises(ValueError):'}], 'traceback_str': 'Traceback (most recent call last):\n  File "/home/mambaforge/lib/python3.10/unittest/mock.py", line 1379, in patched\n    return func(*newargs, **newkeywargs)\n  File "__test__.py", line 101, in test_missing_target_column\nAssertionError: ValueError not raised\n'}}
--------------------------------------------------
2025-03-25 01:49:12  INFO     [main.py -> get_solutions]: Debugging Trace on Solution 1 took 7 steps: # Debugging Log

Authored by Linus Torvalds.

I use the _scientific method_ to debug the problem below (as written by Zeller, 2009) by describing the hypothesis/prediction/experiment/observation/conclusion. This can be done by:

Hypothesis: An explanation for the buggy behavior behavior. Hypotheses are the key aspect of the approach, and should be detailed and written with care. Hypotheses should build upon all previous information; repeating previous hypotheses is thus strongly discouraged. Some examples are provided below.

 - Example hypothesis 1: "Given that [information], the method is [overall erroneous behavior]. Specifically, I think it is because `c>b` on line 4321 of method `foo` is intended to [desired behavior], but is [erroneous behavior]."
 - Example hypothesis 2: "The previous hypothesis was rejected. we now know `c>b` on line 4321 of the method `foo` is likely not the culprit. Looking elsewhere, perhaps `x.append(y)` on line 4323 of `foo` should do [desired behavior], but is doing [erroneous behavior]."
 - Example hypothesis 3: "The previous hypothesis was supported. I think changing the code by changing `c>b` to `c>b && a <= d` may fix the code."
 - Example hypothesis 4: "The previous experiment ended in an error. We may need to try a different experiment. Perhaps the experiment can be refined by inspecting the value of [expression] at line [line]."

Prediction: A specific value or symptom that would be observed if the hypothesis is correct. Depending on the hypothesis, one may make the prediction that a test will pass. Make specific considerations for expressions within loops.

 - Example 1: If I use the debugger to print [expr], while given the input and its intended role indicates that its value should be [desired value], it will be [erroneous value]; that is, when I stop the debugger at line lineno, `[expr] == [actual_value]` will be true.
 - Example 2: If I change [expr] to [new_expr], the test will pass.

Experiment: A specific one-line script within `...` that would check whether the prediction made is true. Make sure the line points to an actual statement (not a bracket).

 - Example 1 (pdb script): `b debugging.py:lineno ;; c ;; p x != v`
 - Example 2 (edit script): `REPLACE(4321, "c>b", "c>b && a <= d") AND RUN`

Observation: The output of the script. Example: `False`

Conclusion: A judgement whether the hypothesis is true based on the observation. Also add <DEBUGGING DONE> when the hypothesis confirmed leads to a concrete program fix. 
 - Example: The hypothesis is (supported/rejected/undecided due to experiment error). [When a test passed, add <DEBUGGING DONE>.]

## Description

I have the following python function and test (at /data/wyk/autosd/arhe/bigcodebench5/1017/solution_v1_s3_o0.py)

```python
1 
2 def task_func(csv_file_path, target_column="target", test_size=0.2, n_estimators=100):
3     try:
4         data = pd.read_csv(csv_file_path)
5         if target_column not in data.columns:
6             raise ValueError(f"Specified target column '{target_column}' not found in the CSV file.")
7         
8         X = data.drop(columns=[target_column])
9         y = data[target_column]
10         
11         X_train, X_test, y_train, y_test = train_test_split(X, y, test_size=test_size, random_state=42)
12         
13         rf_classifier = RandomForestClassifier(n_estimators=n_estimators)
14         rf_classifier.fit(X_train, y_train)
15         
16         y_pred = rf_classifier.predict(X_test)
17         
18         report = classification_report(y_test, y_pred)
19         
20         return report
21     
22     except Exception as e:
23         return str(e)
24 
25 import unittest
26 from unittest.mock import patch
27 import pandas as pd
28 class TestCases(unittest.TestCase):
29     """Test cases for task_func."""
30     @patch("pandas.read_csv")
31     def test_default_parameters(self, mock_read_csv):
32         """
33         Test task_func with default parameters using an adequately sized mock dataset.
34         """
35         mock_data = {
36             "feature1": range(100),
37             "feature2": range(100, 200),
38             "target": [0, 1] * 50,  # Alternating 0s and 1s
39         }
40         mock_read_csv.return_value = pd.DataFrame(mock_data)
41         result = task_func("dummy_path.csv")
42         self.assertIn("precision", result)
43     @patch("pandas.read_csv")
44     def test_non_default_target_column(self, mock_read_csv):
45         """
46         Test task_func with a non-default target column using a larger mock dataset.
47         """
48         mock_data = {
49             "feature1": range(100),
50             "feature2": range(100, 200),
51             "label": [1, 0] * 50,  # Alternating 1s and 0s
52         }
53         mock_read_csv.return_value = pd.DataFrame(mock_data)
54         result = task_func("dummy_path.csv", target_column="label")
55         self.assertIn("precision", result)
56     @patch("pandas.read_csv")
57     def test_different_test_size(self, mock_read_csv):
58         """
59         Test task_func with a different test size and a larger dataset.
60         """
61         mock_data = {
62             "feature1": range(100),
63             "feature2": range(100, 200),
64             "target": [0, 1, 1, 0] * 25,  # Repeated pattern
65         }
66         mock_read_csv.return_value = pd.DataFrame(mock_data)
67         result = task_func("dummy_path.csv", test_size=0.5)
68         self.assertIn("precision", result)
69     @patch("pandas.read_csv")
70     def test_different_n_estimators(self, mock_read_csv):
71         """
72         Test task_func with a different number of estimators and an expanded dataset.
73         """
74         mock_data = {
75             "feature1": range(100),
76             "feature2": range(100, 200),
77             "target": [1, 0] * 50,  # Alternating 1s and 0s
78         }
79         mock_read_csv.return_value = pd.DataFrame(mock_data)
80         result = task_func("dummy_path.csv", n_estimators=50)
81         self.assertIn("precision", result)
82     @patch("pandas.read_csv")
83     def test_missing_target_column(self, mock_read_csv):
84         """
85         Test task_func with a missing target column.
86         """
87         mock_read_csv.return_value = pd.DataFrame(
88             {"feature1": [1, 2], "feature2": [3, 4]}
89         )
90         with self.assertRaises(ValueError):
91             task_func("dummy_path.csv", target_column="not_exist")
92 testcases = TestCases()
93 testcases.test_default_parameters()
```

which fails with the error message
```
Traceback (most recent call last):
  File "/data/wyk/autosd/arhe/bigcodebench5/1017/solution_v1_s3_o0.py", line 93, in <module>
    testcases.test_default_parameters()
  File "/data/wyk/.conda/envs/bigcodebench/lib/python3.10/unittest/mock.py", line 1379, in patched
    return func(*newargs, **newkeywargs)
  File "/data/wyk/autosd/arhe/bigcodebench5/1017/solution_v1_s3_o0.py", line 42, in test_default_parameters
    self.assertIn("precision", result)
  File "/data/wyk/.conda/envs/bigcodebench/lib/python3.10/unittest/case.py", line 1112, in assertIn
    self.fail(self._formatMessage(msg, standardMsg))
  File "/data/wyk/.conda/envs/bigcodebench/lib/python3.10/unittest/case.py", line 675, in fail
    raise self.failureException(msg)
AssertionError: 'precision' not found in "name 'train_test_split' is not defined"
```

## Analysis

Using the scientific method, I debugged the issue as follows.

The repaired code (full method, without comments) is:

```python
defError parsing code: unexpected character after line continuation character (<unknown>, line 2)
```python
def task_func(csv_file_path, target_column="target", test_size=0.2, n_estimators=100):
    try:
        data = pd.read_csv(csv_file_path)
        if target_column not in data.columns:
            raise ValueError(f"Specified target column '{target_column}' not found in the CSV file.")
        
        X = data.drop(columns=[target_column])
        y = data[target_column]
        
        X_train, X_test, y_train, y_test = train_test_split(X, y, test_size=test_size, random_state=42)
        
        rf_classifier = RandomForestClassifier(n_estimators=n_estimators)
        rf_classifier.fit(X_train, y_train)
        
        y_pred = rf_classifier.predict(X_test)
        
        report = classification_report(y_test, y_pred)
        
        return report
    
    except Exception as e:
        return str(e)
```

2025-03-25 01:49:13  INFO     [main.py -> get_solutions]: Proposed Solution: 
def task_func(csv_file_path, target_column="target", test_size=0.2, n_estimators=100):
    try:
        data = pd.read_csv(csv_file_path)
        if target_column not in data.columns:
            raise ValueError(f"Specified target column '{target_column}' not found in the CSV file.")
        
        X = data.drop(columns=[target_column])
        y = data[target_column]
        
        X_train, X_test, y_train, y_test = train_test_split(X, y, test_size=test_size, random_state=42)
        
        rf_classifier = RandomForestClassifier(n_estimators=n_estimators)
        rf_classifier.fit(X_train, y_train)
        
        y_pred = rf_classifier.predict(X_test)
        
        report = classification_report(y_test, y_pred)
        
        return report
    
    except Exception as e:
        return str(e)

Status: fail
Details: {'test_default_parameters': {'stat': 'fail', 'exception_type': 'AssertionError: \'precision\' not found in "name \'train_test_split\' is not defined"', 'traceback_frame': [{'filename': '__test__.py', 'lineno': 42, 'funcname': 'test_default_parameters', 'codeline': '        self.assertIn("precision", result)'}], 'stdout_logs': '', 'traceback_str': 'Traceback (most recent call last):\n  File "/data/wyk/.conda/envs/bigcodebench/lib/python3.10/unittest/mock.py", line 1379, in patched\n    return func(*newargs, **newkeywargs)\n  File "__test__.py", line 42, in test_default_parameters\nAssertionError: \'precision\' not found in "name \'train_test_split\' is not defined"\n'}, 'test_different_n_estimators': {'stat': 'fail', 'exception_type': 'AssertionError: \'precision\' not found in "name \'train_test_split\' is not defined"', 'traceback_frame': [{'filename': '__test__.py', 'lineno': 81, 'funcname': 'test_different_n_estimators', 'codeline': '        self.assertIn("precision", result)'}], 'stdout_logs': '', 'traceback_str': 'Traceback (most recent call last):\n  File "/data/wyk/.conda/envs/bigcodebench/lib/python3.10/unittest/mock.py", line 1379, in patched\n    return func(*newargs, **newkeywargs)\n  File "__test__.py", line 81, in test_different_n_estimators\nAssertionError: \'precision\' not found in "name \'train_test_split\' is not defined"\n'}, 'test_different_test_size': {'stat': 'fail', 'exception_type': 'AssertionError: \'precision\' not found in "name \'train_test_split\' is not defined"', 'traceback_frame': [{'filename': '__test__.py', 'lineno': 68, 'funcname': 'test_different_test_size', 'codeline': '        self.assertIn("precision", result)'}], 'stdout_logs': '', 'traceback_str': 'Traceback (most recent call last):\n  File "/data/wyk/.conda/envs/bigcodebench/lib/python3.10/unittest/mock.py", line 1379, in patched\n    return func(*newargs, **newkeywargs)\n  File "__test__.py", line 68, in test_different_test_size\nAssertionError: \'precision\' not found in "name \'train_test_split\' is not defined"\n'}, 'test_missing_target_column': {'stat': 'fail', 'exception_type': 'AssertionError: ValueError not raised', 'traceback_frame': [{'filename': '__test__.py', 'lineno': 90, 'funcname': 'test_missing_target_column', 'codeline': '        with self.assertRaises(ValueError):'}], 'stdout_logs': '', 'traceback_str': 'Traceback (most recent call last):\n  File "/data/wyk/.conda/envs/bigcodebench/lib/python3.10/unittest/mock.py", line 1379, in patched\n    return func(*newargs, **newkeywargs)\n  File "__test__.py", line 90, in test_missing_target_column\nAssertionError: ValueError not raised\n'}, 'test_non_default_target_column': {'stat': 'fail', 'exception_type': 'AssertionError: \'precision\' not found in "name \'train_test_split\' is not defined"', 'traceback_frame': [{'filename': '__test__.py', 'lineno': 55, 'funcname': 'test_non_default_target_column', 'codeline': '        self.assertIn("precision", result)'}], 'stdout_logs': '', 'traceback_str': 'Traceback (most recent call last):\n  File "/data/wyk/.conda/envs/bigcodebench/lib/python3.10/unittest/mock.py", line 1379, in patched\n    return func(*newargs, **newkeywargs)\n  File "__test__.py", line 55, in test_non_default_target_column\nAssertionError: \'precision\' not found in "name \'train_test_split\' is not defined"\n'}}
2025-03-25 01:49:13  INFO     [main.py -> get_solutions]: Debugging on Solution 2 consumped step=7, input tokens=50750, output tokens=1835, model calls=19
2025-03-25 01:49:13  INFO     [main.py -> get_solutions]: Finished on task BigCodeBench/1017. halted: True, status: fail. Final solution:

def task_func(csv_file_path, target_column="target", test_size=0.2, n_estimators=100):
    try:
        data = pd.read_csv(csv_file_path)
        if target_column not in data.columns:
            raise ValueError(f"Specified target column '{target_column}' not found in the CSV file.")
        
        X = data.drop(columns=[target_column])
        y = data[target_column]
        
        X_train, X_test, y_train, y_test = train_test_split(X, y, test_size=test_size, random_state=42)
        
        rf_classifier = RandomForestClassifier(n_estimators=n_estimators)
        rf_classifier.fit(X_train, y_train)
        
        y_pred = rf_classifier.predict(X_test)
        
        report = classification_report(y_test, y_pred)
        
        return report
    
    except Exception as e:
        return str(e)

2025-03-25 01:49:13  INFO     [main.py -> get_solutions]: ==================================================Task BigCodeBench/1017 Total comuptation consumption:
input tokens=67014, output tokens=2559, model calls=26
